Success (24):
datatype 3768 {urn:com:appian:types}ZP_Basic "{urn:com:appian:types}ZP_Basic"
datatype 3786 {urn:com:appian:types}ZP_Person "{urn:com:appian:types}ZP_Person"
dataStore 8058 _a-0000e3ae-086e-8000-9bcd-011c48011c48_34134 "ZP_DB"
groupType 3 _f-0000e3b8-de29-8000-9b1d-01075c01075c_1 "ZachGroupTypes"
groupType 4 _f-0000e3b8-de29-8000-9b1d-01075c01075c_3 "ChangeGroupType"
group 70 _e-0000e3b8-de29-8000-9b1d-01075c01075c_169 "ZachNewGroup"
content 7269 _a-0000e385-b1d3-8000-9bb6-011c48011c48_31704 "ZP KC"
content 7270 _a-0000e385-b1d3-8000-9bb6-011c48011c48_31711 "ZP Docs"
content 7267 _a-0000e385-b1d3-8000-9bb6-011c48011c48_31717 "ZP Rules and Interfaces"
content 7271 _a-0000e385-b1d3-8000-9bb6-011c48011c48_31723 "ZP Process Report"
content 7277 5c6a0334-e5fc-443c-9202-820100655bd8 "TestAPI"
content 7279 _a-0000e3b8-de29-8000-9bd1-011c48011c48_43471 "EditGroupType"
content 7283 _a-0000e3b8-de29-8000-9bd1-011c48011c48_43477 "ZPEditGroup"
content 7874 _a-0000e3cc-3c56-8000-9bd4-011c48011c48_48300 "ZP_Editcons"
content 7882 _a-0000e3cc-3c56-8000-9bd4-011c48011c48_48331 "ZP_TestBasicRule"
content 8027 _a-0000e3cc-3c56-8000-9bd4-011c48011c48_49754 "ZP_GiveLastName"
content 7885 _a-0000e3cc-3c56-8000-9bd4-011c48011c48_48382 "ZP_TESTINGCONS"
processModelFolder 29 _g-0000e3ae-086e-8000-fa54-7f0000014e7a_48 "ZP Process Models"
processModel 409 0002e3c3-40fd-8000-fb6f-7f0000014e7a "EditGroupType"
processModel 407 0002e3af-7fcf-8000-fa74-7f0000014e7a "ZP_TestDeprecatedSmartServiceExcel"
processModel 508 0002e3cc-9ae7-8000-fbf9-7f0000014e7a "ZP Test Apostrophe"
processModel 579 0002e3d9-a4ba-8000-fc6c-7f0000014e7a "ZP_TestUpgrade"
application 7272 _a-0000e385-b1d3-8000-9bb6-011c48011c48_31699 "ZP Testing"
webApi 10 32630ded-6787-4825-8f1d-5f4ed489be15 "TestAPI"

Referenced precedents that were not exported (2):
user zach.puderbach zach.puderbach
user zach.designer zach.designer

Trace:
2020-01-16 18:08:32.8 DEBUG application 7272 _a-0000e385-b1d3-8000-9bb6-011c48011c48_31699 Begin transport.
2020-01-16 18:08:32.8 DEBUG application 7272 _a-0000e385-b1d3-8000-9bb6-011c48011c48_31699 Retrieving object data.
2020-01-16 18:08:32.808 DEBUG application 7272 _a-0000e385-b1d3-8000-9bb6-011c48011c48_31699 App associated objects: [datatype=[{urn:com:appian:types}ZP_Basic, {urn:com:appian:types}ZP_Person],dataStore=[_a-0000e3ae-086e-8000-9bcd-011c48011c48_34134],groupType=[_f-0000e3b8-de29-8000-9b1d-01075c01075c_1, _f-0000e3b8-de29-8000-9b1d-01075c01075c_3],group=[_e-0000e3b8-de29-8000-9b1d-01075c01075c_169],content=[_a-0000e385-b1d3-8000-9bb6-011c48011c48_31704, _a-0000e385-b1d3-8000-9bb6-011c48011c48_31711, _a-0000e385-b1d3-8000-9bb6-011c48011c48_31717, _a-0000e385-b1d3-8000-9bb6-011c48011c48_31723, 5c6a0334-e5fc-443c-9202-820100655bd8, _a-0000e3b8-de29-8000-9bd1-011c48011c48_43471, _a-0000e3b8-de29-8000-9bd1-011c48011c48_43477, _a-0000e3cc-3c56-8000-9bd4-011c48011c48_48300, _a-0000e3cc-3c56-8000-9bd4-011c48011c48_48331, _a-0000e3cc-3c56-8000-9bd4-011c48011c48_48382, _a-0000e3cc-3c56-8000-9bd4-011c48011c48_49754],processModelFolder=[_g-0000e3ae-086e-8000-fa54-7f0000014e7a_48],processModel=[0002e3af-7fcf-8000-fa74-7f0000014e7a, 0002e3c3-40fd-8000-fb6f-7f0000014e7a, 0002e3cc-9ae7-8000-fbf9-7f0000014e7a, 0002e3d9-a4ba-8000-fc6c-7f0000014e7a],webApi=[32630ded-6787-4825-8f1d-5f4ed489be15]]
2020-01-16 18:08:32.826 DEBUG application 7272 _a-0000e385-b1d3-8000-9bb6-011c48011c48_31699 Invalid associated objects: []
2020-01-16 18:08:32.826 DEBUG application 7272 _a-0000e385-b1d3-8000-9bb6-011c48011c48_31699 Adding valid associated objects to be exported: GlobalBindingMap[datatype={{urn:com:appian:types}ZP_Basic=3768, {urn:com:appian:types}ZP_Person=3786},dataStore={_a-0000e3ae-086e-8000-9bcd-011c48011c48_34134=8058},groupType={_f-0000e3b8-de29-8000-9b1d-01075c01075c_1=3, _f-0000e3b8-de29-8000-9b1d-01075c01075c_3=4},group={_e-0000e3b8-de29-8000-9b1d-01075c01075c_169=70},content={_a-0000e385-b1d3-8000-9bb6-011c48011c48_31704=7269, _a-0000e385-b1d3-8000-9bb6-011c48011c48_31711=7270, _a-0000e385-b1d3-8000-9bb6-011c48011c48_31717=7267, _a-0000e385-b1d3-8000-9bb6-011c48011c48_31723=7271, 5c6a0334-e5fc-443c-9202-820100655bd8=7277, _a-0000e3b8-de29-8000-9bd1-011c48011c48_43471=7279, _a-0000e3b8-de29-8000-9bd1-011c48011c48_43477=7283, _a-0000e3cc-3c56-8000-9bd4-011c48011c48_48300=7874, _a-0000e3cc-3c56-8000-9bd4-011c48011c48_48331=7882, _a-0000e3cc-3c56-8000-9bd4-011c48011c48_48382=7885, _a-0000e3cc-3c56-8000-9bd4-011c48011c48_49754=8027},processModelFolder={_g-0000e3ae-086e-8000-fa54-7f0000014e7a_48=29},processModel={0002e3af-7fcf-8000-fa74-7f0000014e7a=407, 0002e3c3-40fd-8000-fb6f-7f0000014e7a=409, 0002e3cc-9ae7-8000-fbf9-7f0000014e7a=508, 0002e3d9-a4ba-8000-fc6c-7f0000014e7a=579},webApi={32630ded-6787-4825-8f1d-5f4ed489be15=10}]
2020-01-16 18:08:32.826 DEBUG application 7272 _a-0000e385-b1d3-8000-9bb6-011c48011c48_31699 Setting uuids of object references.
2020-01-16 18:08:32.829 DEBUG application 7272 _a-0000e385-b1d3-8000-9bb6-011c48011c48_31699 Processing reference: Application.forum
2020-01-16 18:08:32.83 DEBUG application 7272 _a-0000e385-b1d3-8000-9bb6-011c48011c48_31699 Processing reference: Application.parent
2020-01-16 18:08:32.834 DEBUG application 7272 _a-0000e385-b1d3-8000-9bb6-011c48011c48_31699 Processing reference: com.appiancorp.suiteapi.content.ContentRoleMap@518051e1[
  ContentRole[name=readers,inherit=false,allowForAll=false]
  ContentRole[name=authors,inherit=false,allowForAll=false]
  ContentRole[name=administrators,usernames=[zach.puderbach],inherit=false,allowForAll=false]
  ContentRole[name=denyReaders,inherit=false,allowForAll=false]
  ContentRole[name=denyAuthors,inherit=false,allowForAll=false]
  ContentRole[name=denyAdministrators,inherit=false,allowForAll=false]
  securityVector=129:SEC_PUBLIC=true,SEC_CREATOR_ADMIN=true,SEC_INH_ADMIN=false,SEC_INH_EDITOR=false,SEC_INH_VIEWER=false,SEC_ALL_ADMIN=false,SEC_ALL_EDITOR=false,SEC_ALL_VIEWER=false
]
2020-01-16 18:08:32.834 DEBUG application 7272 _a-0000e385-b1d3-8000-9bb6-011c48011c48_31699 Processing reference: ContentRole[name=readers,inherit=false,allowForAll=false]
2020-01-16 18:08:32.834 DEBUG application 7272 _a-0000e385-b1d3-8000-9bb6-011c48011c48_31699 Processing reference: ContentRole[name=authors,inherit=false,allowForAll=false]
2020-01-16 18:08:32.834 DEBUG application 7272 _a-0000e385-b1d3-8000-9bb6-011c48011c48_31699 Processing reference: ContentRole[name=administrators,usernames=[zach.puderbach],inherit=false,allowForAll=false]
2020-01-16 18:08:32.837 DEBUG application 7272 _a-0000e385-b1d3-8000-9bb6-011c48011c48_31699 Processing reference: ContentRole[name=denyReaders,inherit=false,allowForAll=false]
2020-01-16 18:08:32.837 DEBUG application 7272 _a-0000e385-b1d3-8000-9bb6-011c48011c48_31699 Processing reference: ContentRole[name=denyAuthors,inherit=false,allowForAll=false]
2020-01-16 18:08:32.837 DEBUG application 7272 _a-0000e385-b1d3-8000-9bb6-011c48011c48_31699 Processing reference: ContentRole[name=denyAdministrators,inherit=false,allowForAll=false]
2020-01-16 18:08:32.838 DEBUG datatype 3768 {urn:com:appian:types}ZP_Basic Begin transport.
2020-01-16 18:08:32.838 DEBUG datatype 3768 {urn:com:appian:types}ZP_Basic Retrieving object data.
2020-01-16 18:08:33.003 DEBUG datatype 3768 {urn:com:appian:types}ZP_Basic Setting uuids of object references.
2020-01-16 18:08:33.003 DEBUG datatype 3768 {urn:com:appian:types}ZP_Basic Completing produce.
2020-01-16 18:08:33.003 DEBUG datatype 3768 {urn:com:appian:types}ZP_Basic Exporting binary resources.
2020-01-16 18:08:33.003 DEBUG datatype 3768 {urn:com:appian:types}ZP_Basic Serializing object to XML.
2020-01-16 18:08:33.007 DEBUG datatype 3768 {urn:com:appian:types}ZP_Basic Object transported.
2020-01-16 18:08:33.007 DEBUG datatype 3786 {urn:com:appian:types}ZP_Person Begin transport.
2020-01-16 18:08:33.007 DEBUG datatype 3786 {urn:com:appian:types}ZP_Person Retrieving object data.
2020-01-16 18:08:33.024 DEBUG datatype 3786 {urn:com:appian:types}ZP_Person Setting uuids of object references.
2020-01-16 18:08:33.025 DEBUG datatype 3786 {urn:com:appian:types}ZP_Person Completing produce.
2020-01-16 18:08:33.025 DEBUG datatype 3786 {urn:com:appian:types}ZP_Person Exporting binary resources.
2020-01-16 18:08:33.025 DEBUG datatype 3786 {urn:com:appian:types}ZP_Person Serializing object to XML.
2020-01-16 18:08:33.029 DEBUG datatype 3786 {urn:com:appian:types}ZP_Person Object transported.
2020-01-16 18:08:33.034 DEBUG dataStore 8058 _a-0000e3ae-086e-8000-9bcd-011c48011c48_34134 Begin transport.
2020-01-16 18:08:33.034 DEBUG dataStore 8058 _a-0000e3ae-086e-8000-9bcd-011c48011c48_34134 Retrieving object data.
2020-01-16 18:08:33.04 DEBUG dataStore 8058 _a-0000e3ae-086e-8000-9bcd-011c48011c48_34134 Setting uuids of object references.
2020-01-16 18:08:33.042 DEBUG dataStore 8058 _a-0000e3ae-086e-8000-9bcd-011c48011c48_34134 Processing reference: datatypeRef[id=3768]
2020-01-16 18:08:33.044 DEBUG dataStore 8058 _a-0000e3ae-086e-8000-9bcd-011c48011c48_34134 Processing reference: ContentRole[name=administrators,inherit=false,allowForAll=false]
2020-01-16 18:08:33.044 DEBUG dataStore 8058 _a-0000e3ae-086e-8000-9bcd-011c48011c48_34134 Processing reference: ContentRole[name=authors,inherit=false,allowForAll=false]
2020-01-16 18:08:33.044 DEBUG dataStore 8058 _a-0000e3ae-086e-8000-9bcd-011c48011c48_34134 Processing reference: ContentRole[name=denyAdministrators,inherit=false,allowForAll=false]
2020-01-16 18:08:33.044 DEBUG dataStore 8058 _a-0000e3ae-086e-8000-9bcd-011c48011c48_34134 Processing reference: ContentRole[name=denyAuthors,inherit=false,allowForAll=false]
2020-01-16 18:08:33.044 DEBUG dataStore 8058 _a-0000e3ae-086e-8000-9bcd-011c48011c48_34134 Processing reference: ContentRole[name=denyReaders,inherit=false,allowForAll=false]
2020-01-16 18:08:33.044 DEBUG dataStore 8058 _a-0000e3ae-086e-8000-9bcd-011c48011c48_34134 Processing reference: ContentRole[name=readers,inherit=false,allowForAll=false]
2020-01-16 18:08:33.044 DEBUG dataStore 8058 _a-0000e3ae-086e-8000-9bcd-011c48011c48_34134 Completing produce.
2020-01-16 18:08:33.044 DEBUG dataStore 8058 _a-0000e3ae-086e-8000-9bcd-011c48011c48_34134 Exporting binary resources.
2020-01-16 18:08:33.044 DEBUG dataStore 8058 _a-0000e3ae-086e-8000-9bcd-011c48011c48_34134 Serializing object to XML.
2020-01-16 18:08:33.05 DEBUG dataStore 8058 _a-0000e3ae-086e-8000-9bcd-011c48011c48_34134 Object transported.
2020-01-16 18:08:33.051 DEBUG groupType 3 _f-0000e3b8-de29-8000-9b1d-01075c01075c_1 Begin transport.
2020-01-16 18:08:33.051 DEBUG groupType 3 _f-0000e3b8-de29-8000-9b1d-01075c01075c_1 Retrieving object data.
2020-01-16 18:08:33.054 DEBUG groupType 3 _f-0000e3b8-de29-8000-9b1d-01075c01075c_1 Setting uuids of object references.
2020-01-16 18:08:33.055 DEBUG groupType 3 _f-0000e3b8-de29-8000-9b1d-01075c01075c_1 Completing produce.
2020-01-16 18:08:33.055 DEBUG groupType 3 _f-0000e3b8-de29-8000-9b1d-01075c01075c_1 Exporting binary resources.
2020-01-16 18:08:33.055 DEBUG groupType 3 _f-0000e3b8-de29-8000-9b1d-01075c01075c_1 Serializing object to XML.
2020-01-16 18:08:33.059 DEBUG groupType 3 _f-0000e3b8-de29-8000-9b1d-01075c01075c_1 Object transported.
2020-01-16 18:08:33.059 DEBUG groupType 4 _f-0000e3b8-de29-8000-9b1d-01075c01075c_3 Begin transport.
2020-01-16 18:08:33.059 DEBUG groupType 4 _f-0000e3b8-de29-8000-9b1d-01075c01075c_3 Retrieving object data.
2020-01-16 18:08:33.061 DEBUG groupType 4 _f-0000e3b8-de29-8000-9b1d-01075c01075c_3 Setting uuids of object references.
2020-01-16 18:08:33.061 DEBUG groupType 4 _f-0000e3b8-de29-8000-9b1d-01075c01075c_3 Completing produce.
2020-01-16 18:08:33.061 DEBUG groupType 4 _f-0000e3b8-de29-8000-9b1d-01075c01075c_3 Exporting binary resources.
2020-01-16 18:08:33.061 DEBUG groupType 4 _f-0000e3b8-de29-8000-9b1d-01075c01075c_3 Serializing object to XML.
2020-01-16 18:08:33.069 DEBUG groupType 4 _f-0000e3b8-de29-8000-9b1d-01075c01075c_3 Object transported.
2020-01-16 18:08:33.071 DEBUG group 70 _e-0000e3b8-de29-8000-9b1d-01075c01075c_169 Begin transport.
2020-01-16 18:08:33.071 DEBUG group 70 _e-0000e3b8-de29-8000-9b1d-01075c01075c_169 Retrieving object data.
2020-01-16 18:08:33.077 DEBUG group 70 _e-0000e3b8-de29-8000-9b1d-01075c01075c_169 Setting uuids of object references.
2020-01-16 18:08:33.077 DEBUG group 70 _e-0000e3b8-de29-8000-9b1d-01075c01075c_169 Processing reference: Role[name=<null>]
2020-01-16 18:08:33.078 DEBUG group 70 _e-0000e3b8-de29-8000-9b1d-01075c01075c_169 Processing reference: Group.groupTypeId
2020-01-16 18:08:33.08 DEBUG group 70 _e-0000e3b8-de29-8000-9b1d-01075c01075c_169 Processing reference: Group.parentId
2020-01-16 18:08:33.08 DEBUG group 70 _e-0000e3b8-de29-8000-9b1d-01075c01075c_169 Processing reference: Group.homePageId
2020-01-16 18:08:33.08 DEBUG group 70 _e-0000e3b8-de29-8000-9b1d-01075c01075c_169 Processing reference: Role[name=<null>]
2020-01-16 18:08:33.082 DEBUG group 70 _e-0000e3b8-de29-8000-9b1d-01075c01075c_169 Completing produce.
2020-01-16 18:08:33.082 DEBUG group 70 _e-0000e3b8-de29-8000-9b1d-01075c01075c_169 Exporting binary resources.
2020-01-16 18:08:33.082 DEBUG group 70 _e-0000e3b8-de29-8000-9b1d-01075c01075c_169 Serializing object to XML.
2020-01-16 18:08:33.088 DEBUG group 70 _e-0000e3b8-de29-8000-9b1d-01075c01075c_169 Object transported.
2020-01-16 18:08:33.091 DEBUG content 7269 _a-0000e385-b1d3-8000-9bb6-011c48011c48_31704 Begin transport.
2020-01-16 18:08:33.091 DEBUG content 7269 _a-0000e385-b1d3-8000-9bb6-011c48011c48_31704 Retrieving object data.
2020-01-16 18:08:33.1 DEBUG content 7269 _a-0000e385-b1d3-8000-9bb6-011c48011c48_31704 Setting uuids of object references.
2020-01-16 18:08:33.1 DEBUG content 7269 _a-0000e385-b1d3-8000-9bb6-011c48011c48_31704 Processing reference: CommunityKnowledgeCenter.forum
2020-01-16 18:08:33.101 DEBUG content 7269 _a-0000e385-b1d3-8000-9bb6-011c48011c48_31704 Processing reference: CommunityKnowledgeCenter.parent
2020-01-16 18:08:33.104 DEBUG content 7269 _a-0000e385-b1d3-8000-9bb6-011c48011c48_31704 Processing reference: com.appiancorp.suiteapi.content.ContentRoleMap@706a0afd[
  ContentRole[name=readers,inherit=false,allowForAll=false]
  ContentRole[name=authors,inherit=false,allowForAll=false]
  ContentRole[name=administrators,inherit=true,allowForAll=false]
  ContentRole[name=denyReaders,inherit=false,allowForAll=false]
  ContentRole[name=denyAuthors,inherit=false,allowForAll=false]
  ContentRole[name=denyAdministrators,inherit=false,allowForAll=false]
  securityVector=9:SEC_PUBLIC=true,SEC_CREATOR_ADMIN=false,SEC_INH_ADMIN=true,SEC_INH_EDITOR=false,SEC_INH_VIEWER=false,SEC_ALL_ADMIN=false,SEC_ALL_EDITOR=false,SEC_ALL_VIEWER=false
]
2020-01-16 18:08:33.104 DEBUG content 7269 _a-0000e385-b1d3-8000-9bb6-011c48011c48_31704 Processing reference: ContentRole[name=readers,inherit=false,allowForAll=false]
2020-01-16 18:08:33.104 DEBUG content 7269 _a-0000e385-b1d3-8000-9bb6-011c48011c48_31704 Processing reference: ContentRole[name=authors,inherit=false,allowForAll=false]
2020-01-16 18:08:33.104 DEBUG content 7269 _a-0000e385-b1d3-8000-9bb6-011c48011c48_31704 Processing reference: ContentRole[name=administrators,inherit=true,allowForAll=false]
2020-01-16 18:08:33.104 DEBUG content 7269 _a-0000e385-b1d3-8000-9bb6-011c48011c48_31704 Processing reference: ContentRole[name=denyReaders,inherit=false,allowForAll=false]
2020-01-16 18:08:33.104 DEBUG content 7269 _a-0000e385-b1d3-8000-9bb6-011c48011c48_31704 Processing reference: ContentRole[name=denyAuthors,inherit=false,allowForAll=false]
2020-01-16 18:08:33.104 DEBUG content 7269 _a-0000e385-b1d3-8000-9bb6-011c48011c48_31704 Processing reference: ContentRole[name=denyAdministrators,inherit=false,allowForAll=false]
2020-01-16 18:08:33.104 DEBUG content 7269 _a-0000e385-b1d3-8000-9bb6-011c48011c48_31704 Completing produce.
2020-01-16 18:08:33.104 DEBUG content 7269 _a-0000e385-b1d3-8000-9bb6-011c48011c48_31704 Exporting binary resources.
2020-01-16 18:08:33.104 DEBUG content 7269 _a-0000e385-b1d3-8000-9bb6-011c48011c48_31704 Serializing object to XML.
2020-01-16 18:08:33.11 DEBUG content 7269 _a-0000e385-b1d3-8000-9bb6-011c48011c48_31704 Object transported.
2020-01-16 18:08:33.11 DEBUG content 7270 _a-0000e385-b1d3-8000-9bb6-011c48011c48_31711 Begin transport.
2020-01-16 18:08:33.11 DEBUG content 7270 _a-0000e385-b1d3-8000-9bb6-011c48011c48_31711 Retrieving object data.
2020-01-16 18:08:33.118 DEBUG content 7270 _a-0000e385-b1d3-8000-9bb6-011c48011c48_31711 Setting uuids of object references.
2020-01-16 18:08:33.118 DEBUG content 7270 _a-0000e385-b1d3-8000-9bb6-011c48011c48_31711 Processing reference: KnowledgeFolder.forum
2020-01-16 18:08:33.119 DEBUG content 7270 _a-0000e385-b1d3-8000-9bb6-011c48011c48_31711 Processing reference: KnowledgeFolder.parent
2020-01-16 18:08:33.121 DEBUG content 7270 _a-0000e385-b1d3-8000-9bb6-011c48011c48_31711 Processing reference: com.appiancorp.suiteapi.content.ContentRoleMap@159a5b21[
  ContentRole[name=readers,inherit=true,allowForAll=false]
  ContentRole[name=authors,inherit=true,allowForAll=false]
  ContentRole[name=administrators,inherit=true,allowForAll=false]
  ContentRole[name=denyReaders,inherit=false,allowForAll=false]
  ContentRole[name=denyAuthors,inherit=false,allowForAll=false]
  ContentRole[name=denyAdministrators,inherit=false,allowForAll=false]
  securityVector=15:SEC_PUBLIC=true,SEC_CREATOR_ADMIN=false,SEC_INH_ADMIN=true,SEC_INH_EDITOR=true,SEC_INH_VIEWER=true,SEC_ALL_ADMIN=false,SEC_ALL_EDITOR=false,SEC_ALL_VIEWER=false
]
2020-01-16 18:08:33.121 DEBUG content 7270 _a-0000e385-b1d3-8000-9bb6-011c48011c48_31711 Processing reference: ContentRole[name=readers,inherit=true,allowForAll=false]
2020-01-16 18:08:33.121 DEBUG content 7270 _a-0000e385-b1d3-8000-9bb6-011c48011c48_31711 Processing reference: ContentRole[name=authors,inherit=true,allowForAll=false]
2020-01-16 18:08:33.121 DEBUG content 7270 _a-0000e385-b1d3-8000-9bb6-011c48011c48_31711 Processing reference: ContentRole[name=administrators,inherit=true,allowForAll=false]
2020-01-16 18:08:33.121 DEBUG content 7270 _a-0000e385-b1d3-8000-9bb6-011c48011c48_31711 Processing reference: ContentRole[name=denyReaders,inherit=false,allowForAll=false]
2020-01-16 18:08:33.121 DEBUG content 7270 _a-0000e385-b1d3-8000-9bb6-011c48011c48_31711 Processing reference: ContentRole[name=denyAuthors,inherit=false,allowForAll=false]
2020-01-16 18:08:33.121 DEBUG content 7270 _a-0000e385-b1d3-8000-9bb6-011c48011c48_31711 Processing reference: ContentRole[name=denyAdministrators,inherit=false,allowForAll=false]
2020-01-16 18:08:33.121 DEBUG content 7270 _a-0000e385-b1d3-8000-9bb6-011c48011c48_31711 Completing produce.
2020-01-16 18:08:33.121 DEBUG content 7270 _a-0000e385-b1d3-8000-9bb6-011c48011c48_31711 Exporting binary resources.
2020-01-16 18:08:33.121 DEBUG content 7270 _a-0000e385-b1d3-8000-9bb6-011c48011c48_31711 Serializing object to XML.
2020-01-16 18:08:33.128 DEBUG content 7270 _a-0000e385-b1d3-8000-9bb6-011c48011c48_31711 Object transported.
2020-01-16 18:08:33.128 DEBUG content 7267 _a-0000e385-b1d3-8000-9bb6-011c48011c48_31717 Begin transport.
2020-01-16 18:08:33.128 DEBUG content 7267 _a-0000e385-b1d3-8000-9bb6-011c48011c48_31717 Retrieving object data.
2020-01-16 18:08:33.136 DEBUG content 7267 _a-0000e385-b1d3-8000-9bb6-011c48011c48_31717 Setting uuids of object references.
2020-01-16 18:08:33.136 DEBUG content 7267 _a-0000e385-b1d3-8000-9bb6-011c48011c48_31717 Processing reference: RulesFolder.forum
2020-01-16 18:08:33.136 DEBUG content 7267 _a-0000e385-b1d3-8000-9bb6-011c48011c48_31717 Processing reference: RulesFolder.parent
2020-01-16 18:08:33.139 DEBUG content 7267 _a-0000e385-b1d3-8000-9bb6-011c48011c48_31717 Processing reference: com.appiancorp.suiteapi.content.ContentRoleMap@14c24185[
  ContentRole[name=readers,inherit=false,allowForAll=false]
  ContentRole[name=authors,inherit=false,allowForAll=false]
  ContentRole[name=administrators,inherit=false,allowForAll=false]
  ContentRole[name=denyReaders,inherit=false,allowForAll=false]
  ContentRole[name=denyAuthors,inherit=false,allowForAll=false]
  ContentRole[name=denyAdministrators,inherit=false,allowForAll=false]
  securityVector=1:SEC_PUBLIC=true,SEC_CREATOR_ADMIN=false,SEC_INH_ADMIN=false,SEC_INH_EDITOR=false,SEC_INH_VIEWER=false,SEC_ALL_ADMIN=false,SEC_ALL_EDITOR=false,SEC_ALL_VIEWER=false
]
2020-01-16 18:08:33.139 DEBUG content 7267 _a-0000e385-b1d3-8000-9bb6-011c48011c48_31717 Processing reference: ContentRole[name=readers,inherit=false,allowForAll=false]
2020-01-16 18:08:33.139 DEBUG content 7267 _a-0000e385-b1d3-8000-9bb6-011c48011c48_31717 Processing reference: ContentRole[name=authors,inherit=false,allowForAll=false]
2020-01-16 18:08:33.139 DEBUG content 7267 _a-0000e385-b1d3-8000-9bb6-011c48011c48_31717 Processing reference: ContentRole[name=administrators,inherit=false,allowForAll=false]
2020-01-16 18:08:33.139 DEBUG content 7267 _a-0000e385-b1d3-8000-9bb6-011c48011c48_31717 Processing reference: ContentRole[name=denyReaders,inherit=false,allowForAll=false]
2020-01-16 18:08:33.139 DEBUG content 7267 _a-0000e385-b1d3-8000-9bb6-011c48011c48_31717 Processing reference: ContentRole[name=denyAuthors,inherit=false,allowForAll=false]
2020-01-16 18:08:33.139 DEBUG content 7267 _a-0000e385-b1d3-8000-9bb6-011c48011c48_31717 Processing reference: ContentRole[name=denyAdministrators,inherit=false,allowForAll=false]
2020-01-16 18:08:33.139 DEBUG content 7267 _a-0000e385-b1d3-8000-9bb6-011c48011c48_31717 Completing produce.
2020-01-16 18:08:33.139 DEBUG content 7267 _a-0000e385-b1d3-8000-9bb6-011c48011c48_31717 Exporting binary resources.
2020-01-16 18:08:33.139 DEBUG content 7267 _a-0000e385-b1d3-8000-9bb6-011c48011c48_31717 Serializing object to XML.
2020-01-16 18:08:33.144 DEBUG content 7267 _a-0000e385-b1d3-8000-9bb6-011c48011c48_31717 Object transported.
2020-01-16 18:08:33.144 DEBUG content 7271 _a-0000e385-b1d3-8000-9bb6-011c48011c48_31723 Begin transport.
2020-01-16 18:08:33.144 DEBUG content 7271 _a-0000e385-b1d3-8000-9bb6-011c48011c48_31723 Retrieving object data.
2020-01-16 18:08:33.169 DEBUG content 7271 _a-0000e385-b1d3-8000-9bb6-011c48011c48_31723 Setting uuids of object references.
2020-01-16 18:08:33.169 DEBUG content 7271 _a-0000e385-b1d3-8000-9bb6-011c48011c48_31723 Processing reference: Report.forum
2020-01-16 18:08:33.17 DEBUG content 7271 _a-0000e385-b1d3-8000-9bb6-011c48011c48_31723 Processing reference: Report.parent
2020-01-16 18:08:33.173 DEBUG content 7271 _a-0000e385-b1d3-8000-9bb6-011c48011c48_31723 Processing reference: Column[id=0,name=Name,show=true,token=string,expression==pp!name]
2020-01-16 18:08:33.173 DEBUG content 7271 _a-0000e385-b1d3-8000-9bb6-011c48011c48_31723 Processing reference: com.appiancorp.suiteapi.process.analytics2.DrillPath@0
2020-01-16 18:08:33.173 DEBUG content 7271 _a-0000e385-b1d3-8000-9bb6-011c48011c48_31723 Processing reference: DrillPath.dashboardId
2020-01-16 18:08:33.173 DEBUG content 7271 _a-0000e385-b1d3-8000-9bb6-011c48011c48_31723 Processing reference: DrillPath.otherReportId
2020-01-16 18:08:33.174 DEBUG content 7271 _a-0000e385-b1d3-8000-9bb6-011c48011c48_31723 Processing reference: Column[id=1,name=Status,show=true,token=processstatusicons,expression==process_status()]
2020-01-16 18:08:33.176 DEBUG content 7271 _a-0000e385-b1d3-8000-9bb6-011c48011c48_31723 Processing reference: com.appiancorp.suiteapi.process.analytics2.DrillPath@0
2020-01-16 18:08:33.176 DEBUG content 7271 _a-0000e385-b1d3-8000-9bb6-011c48011c48_31723 Processing reference: DrillPath.dashboardId
2020-01-16 18:08:33.176 DEBUG content 7271 _a-0000e385-b1d3-8000-9bb6-011c48011c48_31723 Processing reference: DrillPath.otherReportId
2020-01-16 18:08:33.177 DEBUG content 7271 _a-0000e385-b1d3-8000-9bb6-011c48011c48_31723 Processing reference: Column[id=2,name=Start Time,show=true,token=datetime,expression==pp!starttime]
2020-01-16 18:08:33.177 DEBUG content 7271 _a-0000e385-b1d3-8000-9bb6-011c48011c48_31723 Processing reference: com.appiancorp.suiteapi.process.analytics2.DrillPath@0
2020-01-16 18:08:33.177 DEBUG content 7271 _a-0000e385-b1d3-8000-9bb6-011c48011c48_31723 Processing reference: DrillPath.dashboardId
2020-01-16 18:08:33.177 DEBUG content 7271 _a-0000e385-b1d3-8000-9bb6-011c48011c48_31723 Processing reference: DrillPath.otherReportId
2020-01-16 18:08:33.177 DEBUG content 7271 _a-0000e385-b1d3-8000-9bb6-011c48011c48_31723 Processing reference: ReportDisplay.customBarGraphXMLId
2020-01-16 18:08:33.177 DEBUG content 7271 _a-0000e385-b1d3-8000-9bb6-011c48011c48_31723 Processing reference: ReportDisplay.customLineGraphXMLId
2020-01-16 18:08:33.178 DEBUG content 7271 _a-0000e385-b1d3-8000-9bb6-011c48011c48_31723 Processing reference: ReportDisplay.customPieGraphXMLId
2020-01-16 18:08:33.178 DEBUG content 7271 _a-0000e385-b1d3-8000-9bb6-011c48011c48_31723 Processing reference: com.appiancorp.suiteapi.content.ContentRoleMap@d23f97c[
  ContentRole[name=readers,inherit=true,allowForAll=false]
  ContentRole[name=authors,inherit=true,allowForAll=false]
  ContentRole[name=administrators,usernames=[Administrator],inherit=true,allowForAll=false]
  ContentRole[name=denyReaders,inherit=false,allowForAll=false]
  ContentRole[name=denyAuthors,inherit=false,allowForAll=false]
  ContentRole[name=denyAdministrators,inherit=false,allowForAll=false]
  securityVector=15:SEC_PUBLIC=true,SEC_CREATOR_ADMIN=false,SEC_INH_ADMIN=true,SEC_INH_EDITOR=true,SEC_INH_VIEWER=true,SEC_ALL_ADMIN=false,SEC_ALL_EDITOR=false,SEC_ALL_VIEWER=false
]
2020-01-16 18:08:33.178 DEBUG content 7271 _a-0000e385-b1d3-8000-9bb6-011c48011c48_31723 Processing reference: ContentRole[name=readers,inherit=true,allowForAll=false]
2020-01-16 18:08:33.178 DEBUG content 7271 _a-0000e385-b1d3-8000-9bb6-011c48011c48_31723 Processing reference: ContentRole[name=authors,inherit=true,allowForAll=false]
2020-01-16 18:08:33.178 DEBUG content 7271 _a-0000e385-b1d3-8000-9bb6-011c48011c48_31723 Processing reference: ContentRole[name=administrators,usernames=[Administrator],inherit=true,allowForAll=false]
2020-01-16 18:08:33.18 DEBUG content 7271 _a-0000e385-b1d3-8000-9bb6-011c48011c48_31723 Processing reference: ContentRole[name=denyReaders,inherit=false,allowForAll=false]
2020-01-16 18:08:33.18 DEBUG content 7271 _a-0000e385-b1d3-8000-9bb6-011c48011c48_31723 Processing reference: ContentRole[name=denyAuthors,inherit=false,allowForAll=false]
2020-01-16 18:08:33.18 DEBUG content 7271 _a-0000e385-b1d3-8000-9bb6-011c48011c48_31723 Processing reference: ContentRole[name=denyAdministrators,inherit=false,allowForAll=false]
2020-01-16 18:08:33.18 DEBUG content 7271 _a-0000e385-b1d3-8000-9bb6-011c48011c48_31723 Completing produce.
2020-01-16 18:08:33.18 DEBUG content 7271 _a-0000e385-b1d3-8000-9bb6-011c48011c48_31723 Exporting binary resources.
2020-01-16 18:08:33.18 DEBUG content 7271 _a-0000e385-b1d3-8000-9bb6-011c48011c48_31723 Serializing object to XML.
2020-01-16 18:08:33.185 DEBUG content 7271 _a-0000e385-b1d3-8000-9bb6-011c48011c48_31723 Object transported.
2020-01-16 18:08:33.185 DEBUG content 7277 5c6a0334-e5fc-443c-9202-820100655bd8 Begin transport.
2020-01-16 18:08:33.185 DEBUG content 7277 5c6a0334-e5fc-443c-9202-820100655bd8 Retrieving object data.
2020-01-16 18:08:33.197 DEBUG content 7277 5c6a0334-e5fc-443c-9202-820100655bd8 Setting uuids of object references.
2020-01-16 18:08:33.197 DEBUG content 7277 5c6a0334-e5fc-443c-9202-820100655bd8 Processing reference: [Content:id=7268,versionId=-1,name=TestAPI,type=32,subtype=5,uuid=5c6a0334-e5fc-443c-9202-820100655bd8,parent=7267]
2020-01-16 18:08:33.198 DEBUG content 7277 5c6a0334-e5fc-443c-9202-820100655bd8 Processing reference: OutboundIntegration.configParametersForJaxb
2020-01-16 18:08:33.2 DEBUG content 7277 5c6a0334-e5fc-443c-9202-820100655bd8 Processing reference: OutboundIntegration.forum
2020-01-16 18:08:33.206 DEBUG content 7277 5c6a0334-e5fc-443c-9202-820100655bd8 Processing reference: OutboundIntegration.integrationOutputsAsTypedValue
2020-01-16 18:08:33.208 DEBUG content 7277 5c6a0334-e5fc-443c-9202-820100655bd8 Processing reference: OutboundIntegration.parent
2020-01-16 18:08:33.214 DEBUG content 7277 5c6a0334-e5fc-443c-9202-820100655bd8 Processing reference: OutboundIntegration.sharedConfigParameters
2020-01-16 18:08:33.219 DEBUG content 7277 5c6a0334-e5fc-443c-9202-820100655bd8 Processing reference: com.appiancorp.suiteapi.content.ContentRoleMap@388e7706[
  ContentRole[name=readers,inherit=true,allowForAll=false]
  ContentRole[name=authors,inherit=true,allowForAll=false]
  ContentRole[name=administrators,inherit=true,allowForAll=false]
  ContentRole[name=denyReaders,inherit=false,allowForAll=false]
  ContentRole[name=denyAuthors,inherit=false,allowForAll=false]
  ContentRole[name=denyAdministrators,inherit=false,allowForAll=false]
  securityVector=15:SEC_PUBLIC=true,SEC_CREATOR_ADMIN=false,SEC_INH_ADMIN=true,SEC_INH_EDITOR=true,SEC_INH_VIEWER=true,SEC_ALL_ADMIN=false,SEC_ALL_EDITOR=false,SEC_ALL_VIEWER=false
]
2020-01-16 18:08:33.219 DEBUG content 7277 5c6a0334-e5fc-443c-9202-820100655bd8 Processing reference: ContentRole[name=readers,inherit=true,allowForAll=false]
2020-01-16 18:08:33.219 DEBUG content 7277 5c6a0334-e5fc-443c-9202-820100655bd8 Processing reference: ContentRole[name=authors,inherit=true,allowForAll=false]
2020-01-16 18:08:33.219 DEBUG content 7277 5c6a0334-e5fc-443c-9202-820100655bd8 Processing reference: ContentRole[name=administrators,inherit=true,allowForAll=false]
2020-01-16 18:08:33.219 DEBUG content 7277 5c6a0334-e5fc-443c-9202-820100655bd8 Processing reference: ContentRole[name=denyReaders,inherit=false,allowForAll=false]
2020-01-16 18:08:33.219 DEBUG content 7277 5c6a0334-e5fc-443c-9202-820100655bd8 Processing reference: ContentRole[name=denyAuthors,inherit=false,allowForAll=false]
2020-01-16 18:08:33.22 DEBUG content 7277 5c6a0334-e5fc-443c-9202-820100655bd8 Processing reference: ContentRole[name=denyAdministrators,inherit=false,allowForAll=false]
2020-01-16 18:08:33.22 DEBUG content 7277 5c6a0334-e5fc-443c-9202-820100655bd8 Registering export properties.
2020-01-16 18:08:33.22 DEBUG content 7277 5c6a0334-e5fc-443c-9202-820100655bd8 Completing produce.
2020-01-16 18:08:33.22 DEBUG content 7277 5c6a0334-e5fc-443c-9202-820100655bd8 Exporting binary resources.
2020-01-16 18:08:33.22 DEBUG content 7277 5c6a0334-e5fc-443c-9202-820100655bd8 Serializing object to XML.
2020-01-16 18:08:33.234 DEBUG content 7277 5c6a0334-e5fc-443c-9202-820100655bd8 Object transported.
2020-01-16 18:08:33.234 DEBUG content 7279 _a-0000e3b8-de29-8000-9bd1-011c48011c48_43471 Begin transport.
2020-01-16 18:08:33.234 DEBUG content 7279 _a-0000e3b8-de29-8000-9bd1-011c48011c48_43471 Retrieving object data.
2020-01-16 18:08:33.248 DEBUG content 7279 _a-0000e3b8-de29-8000-9bd1-011c48011c48_43471 Setting uuids of object references.
2020-01-16 18:08:33.249 DEBUG content 7279 _a-0000e3b8-de29-8000-9bd1-011c48011c48_43471 Processing reference: [Content:id=7279,versionId=-1,name=EditGroupType,type=32,subtype=6,uuid=_a-0000e3b8-de29-8000-9bd1-011c48011c48_43471,parent=7267]
2020-01-16 18:08:33.249 DEBUG content 7279 _a-0000e3b8-de29-8000-9bd1-011c48011c48_43471 Processing reference: Interface.forum
2020-01-16 18:08:33.25 DEBUG content 7279 _a-0000e3b8-de29-8000-9bd1-011c48011c48_43471 Processing reference: Interface.parent
2020-01-16 18:08:33.253 DEBUG content 7279 _a-0000e3b8-de29-8000-9bd1-011c48011c48_43471 Processing reference: com.appiancorp.suiteapi.content.ContentRoleMap@3bbf4159[
  ContentRole[name=readers,inherit=true,allowForAll=false]
  ContentRole[name=authors,inherit=true,allowForAll=false]
  ContentRole[name=administrators,inherit=true,allowForAll=false]
  ContentRole[name=denyReaders,inherit=false,allowForAll=false]
  ContentRole[name=denyAuthors,inherit=false,allowForAll=false]
  ContentRole[name=denyAdministrators,inherit=false,allowForAll=false]
  securityVector=15:SEC_PUBLIC=true,SEC_CREATOR_ADMIN=false,SEC_INH_ADMIN=true,SEC_INH_EDITOR=true,SEC_INH_VIEWER=true,SEC_ALL_ADMIN=false,SEC_ALL_EDITOR=false,SEC_ALL_VIEWER=false
]
2020-01-16 18:08:33.253 DEBUG content 7279 _a-0000e3b8-de29-8000-9bd1-011c48011c48_43471 Processing reference: ContentRole[name=readers,inherit=true,allowForAll=false]
2020-01-16 18:08:33.253 DEBUG content 7279 _a-0000e3b8-de29-8000-9bd1-011c48011c48_43471 Processing reference: ContentRole[name=authors,inherit=true,allowForAll=false]
2020-01-16 18:08:33.253 DEBUG content 7279 _a-0000e3b8-de29-8000-9bd1-011c48011c48_43471 Processing reference: ContentRole[name=administrators,inherit=true,allowForAll=false]
2020-01-16 18:08:33.253 DEBUG content 7279 _a-0000e3b8-de29-8000-9bd1-011c48011c48_43471 Processing reference: ContentRole[name=denyReaders,inherit=false,allowForAll=false]
2020-01-16 18:08:33.253 DEBUG content 7279 _a-0000e3b8-de29-8000-9bd1-011c48011c48_43471 Processing reference: ContentRole[name=denyAuthors,inherit=false,allowForAll=false]
2020-01-16 18:08:33.253 DEBUG content 7279 _a-0000e3b8-de29-8000-9bd1-011c48011c48_43471 Processing reference: ContentRole[name=denyAdministrators,inherit=false,allowForAll=false]
2020-01-16 18:08:33.253 DEBUG content 7279 _a-0000e3b8-de29-8000-9bd1-011c48011c48_43471 Completing produce.
2020-01-16 18:08:33.253 DEBUG content 7279 _a-0000e3b8-de29-8000-9bd1-011c48011c48_43471 Exporting binary resources.
2020-01-16 18:08:33.253 DEBUG content 7279 _a-0000e3b8-de29-8000-9bd1-011c48011c48_43471 Serializing object to XML.
2020-01-16 18:08:33.259 DEBUG content 7279 _a-0000e3b8-de29-8000-9bd1-011c48011c48_43471 Object transported.
2020-01-16 18:08:33.259 DEBUG content 7283 _a-0000e3b8-de29-8000-9bd1-011c48011c48_43477 Begin transport.
2020-01-16 18:08:33.259 DEBUG content 7283 _a-0000e3b8-de29-8000-9bd1-011c48011c48_43477 Retrieving object data.
2020-01-16 18:08:33.273 DEBUG content 7283 _a-0000e3b8-de29-8000-9bd1-011c48011c48_43477 Setting uuids of object references.
2020-01-16 18:08:33.273 DEBUG content 7283 _a-0000e3b8-de29-8000-9bd1-011c48011c48_43477 Processing reference: [Content:id=7280,versionId=-1,name=ZPEditGroup,type=32,subtype=6,uuid=_a-0000e3b8-de29-8000-9bd1-011c48011c48_43477,parent=7267]
2020-01-16 18:08:33.274 DEBUG content 7283 _a-0000e3b8-de29-8000-9bd1-011c48011c48_43477 Processing reference: Interface.forum
2020-01-16 18:08:33.276 DEBUG content 7283 _a-0000e3b8-de29-8000-9bd1-011c48011c48_43477 Processing reference: Interface.parent
2020-01-16 18:08:33.28 DEBUG content 7283 _a-0000e3b8-de29-8000-9bd1-011c48011c48_43477 Processing reference: com.appiancorp.suiteapi.content.ContentRoleMap@6ea1f5d7[
  ContentRole[name=readers,inherit=true,allowForAll=false]
  ContentRole[name=authors,inherit=true,allowForAll=false]
  ContentRole[name=administrators,inherit=true,allowForAll=false]
  ContentRole[name=denyReaders,inherit=false,allowForAll=false]
  ContentRole[name=denyAuthors,inherit=false,allowForAll=false]
  ContentRole[name=denyAdministrators,inherit=false,allowForAll=false]
  securityVector=15:SEC_PUBLIC=true,SEC_CREATOR_ADMIN=false,SEC_INH_ADMIN=true,SEC_INH_EDITOR=true,SEC_INH_VIEWER=true,SEC_ALL_ADMIN=false,SEC_ALL_EDITOR=false,SEC_ALL_VIEWER=false
]
2020-01-16 18:08:33.28 DEBUG content 7283 _a-0000e3b8-de29-8000-9bd1-011c48011c48_43477 Processing reference: ContentRole[name=readers,inherit=true,allowForAll=false]
2020-01-16 18:08:33.28 DEBUG content 7283 _a-0000e3b8-de29-8000-9bd1-011c48011c48_43477 Processing reference: ContentRole[name=authors,inherit=true,allowForAll=false]
2020-01-16 18:08:33.28 DEBUG content 7283 _a-0000e3b8-de29-8000-9bd1-011c48011c48_43477 Processing reference: ContentRole[name=administrators,inherit=true,allowForAll=false]
2020-01-16 18:08:33.28 DEBUG content 7283 _a-0000e3b8-de29-8000-9bd1-011c48011c48_43477 Processing reference: ContentRole[name=denyReaders,inherit=false,allowForAll=false]
2020-01-16 18:08:33.28 DEBUG content 7283 _a-0000e3b8-de29-8000-9bd1-011c48011c48_43477 Processing reference: ContentRole[name=denyAuthors,inherit=false,allowForAll=false]
2020-01-16 18:08:33.28 DEBUG content 7283 _a-0000e3b8-de29-8000-9bd1-011c48011c48_43477 Processing reference: ContentRole[name=denyAdministrators,inherit=false,allowForAll=false]
2020-01-16 18:08:33.28 DEBUG content 7283 _a-0000e3b8-de29-8000-9bd1-011c48011c48_43477 Completing produce.
2020-01-16 18:08:33.28 DEBUG content 7283 _a-0000e3b8-de29-8000-9bd1-011c48011c48_43477 Exporting binary resources.
2020-01-16 18:08:33.28 DEBUG content 7283 _a-0000e3b8-de29-8000-9bd1-011c48011c48_43477 Serializing object to XML.
2020-01-16 18:08:33.29 DEBUG content 7283 _a-0000e3b8-de29-8000-9bd1-011c48011c48_43477 Object transported.
2020-01-16 18:08:33.29 DEBUG content 7874 _a-0000e3cc-3c56-8000-9bd4-011c48011c48_48300 Begin transport.
2020-01-16 18:08:33.29 DEBUG content 7874 _a-0000e3cc-3c56-8000-9bd4-011c48011c48_48300 Retrieving object data.
2020-01-16 18:08:33.308 DEBUG content 7874 _a-0000e3cc-3c56-8000-9bd4-011c48011c48_48300 Setting uuids of object references.
2020-01-16 18:08:33.308 DEBUG content 7874 _a-0000e3cc-3c56-8000-9bd4-011c48011c48_48300 Processing reference: [Content:id=7874,versionId=-1,name=ZP_Editcons,type=32,subtype=0,uuid=_a-0000e3cc-3c56-8000-9bd4-011c48011c48_48300,parent=7267]
2020-01-16 18:08:33.31 DEBUG processModel 409 0002e3c3-40fd-8000-fb6f-7f0000014e7a Begin transport.
2020-01-16 18:08:33.31 DEBUG processModel 409 0002e3c3-40fd-8000-fb6f-7f0000014e7a Retrieving object data.
2020-01-16 18:08:33.603 DEBUG processModel 409 0002e3c3-40fd-8000-fb6f-7f0000014e7a Setting uuids of object references.
2020-01-16 18:08:33.603 DEBUG processModel 409 0002e3c3-40fd-8000-fb6f-7f0000014e7a Processing reference: ProcessModelHaul.folderId
2020-01-16 18:08:33.607 DEBUG processModelFolder 29 _g-0000e3ae-086e-8000-fa54-7f0000014e7a_48 Begin transport.
2020-01-16 18:08:33.607 DEBUG processModelFolder 29 _g-0000e3ae-086e-8000-fa54-7f0000014e7a_48 Retrieving object data.
2020-01-16 18:08:33.615 DEBUG processModelFolder 29 _g-0000e3ae-086e-8000-fa54-7f0000014e7a_48 Setting uuids of object references.
2020-01-16 18:08:33.616 DEBUG processModelFolder 29 _g-0000e3ae-086e-8000-fa54-7f0000014e7a_48 Processing reference: ProcessModelFolder.parentFolderId
2020-01-16 18:08:33.618 DEBUG processModelFolder 29 _g-0000e3ae-086e-8000-fa54-7f0000014e7a_48 Processing reference: com.appiancorp.suiteapi.process.ProcessRoleMap@51914d16[
  Role[name=ADMIN_OWNER]
  Role[name=EDITOR]
  Role[name=EXPLICIT_NONMEMBER]
  Role[name=VIEWER]
  Role[name=MANAGER]
  Role[name=INITIATOR]
]
2020-01-16 18:08:33.618 DEBUG processModelFolder 29 _g-0000e3ae-086e-8000-fa54-7f0000014e7a_48 Processing reference: Role[name=ADMIN_OWNER]
2020-01-16 18:08:33.618 DEBUG processModelFolder 29 _g-0000e3ae-086e-8000-fa54-7f0000014e7a_48 Processing reference: Role[name=EDITOR]
2020-01-16 18:08:33.618 DEBUG processModelFolder 29 _g-0000e3ae-086e-8000-fa54-7f0000014e7a_48 Processing reference: Role[name=EXPLICIT_NONMEMBER]
2020-01-16 18:08:33.618 DEBUG processModelFolder 29 _g-0000e3ae-086e-8000-fa54-7f0000014e7a_48 Processing reference: Role[name=VIEWER]
2020-01-16 18:08:33.618 DEBUG processModelFolder 29 _g-0000e3ae-086e-8000-fa54-7f0000014e7a_48 Processing reference: Role[name=MANAGER]
2020-01-16 18:08:33.618 DEBUG processModelFolder 29 _g-0000e3ae-086e-8000-fa54-7f0000014e7a_48 Processing reference: Role[name=INITIATOR]
2020-01-16 18:08:33.618 DEBUG processModelFolder 29 _g-0000e3ae-086e-8000-fa54-7f0000014e7a_48 Completing produce.
2020-01-16 18:08:33.618 DEBUG processModelFolder 29 _g-0000e3ae-086e-8000-fa54-7f0000014e7a_48 Exporting binary resources.
2020-01-16 18:08:33.618 DEBUG processModelFolder 29 _g-0000e3ae-086e-8000-fa54-7f0000014e7a_48 Serializing object to XML.
2020-01-16 18:08:33.634 DEBUG processModelFolder 29 _g-0000e3ae-086e-8000-fa54-7f0000014e7a_48 Object transported.
2020-01-16 18:08:33.634 DEBUG processModel 409 0002e3c3-40fd-8000-fb6f-7f0000014e7a Processing reference: ProcessModelHaul.modelDashboardPageId
2020-01-16 18:08:33.635 DEBUG processModel 409 0002e3c3-40fd-8000-fb6f-7f0000014e7a Processing reference: ProcessModelHaul.processDashboardPageId
2020-01-16 18:08:33.635 DEBUG processModel 409 0002e3c3-40fd-8000-fb6f-7f0000014e7a Processing reference: ProcessModel.emailAttachmentFolderId
2020-01-16 18:08:33.637 DEBUG processModel 409 0002e3c3-40fd-8000-fb6f-7f0000014e7a Processing reference: InternalForm.docId
2020-01-16 18:08:33.638 DEBUG processModel 409 0002e3c3-40fd-8000-fb6f-7f0000014e7a Processing reference: 4097 zach.puderbach
2020-01-16 18:08:33.641 DEBUG processModel 409 0002e3c3-40fd-8000-fb6f-7f0000014e7a Processing reference: ActivityClassParameter[name=pmID,it=23,v=<null>]
2020-01-16 18:08:33.641 DEBUG processModel 409 0002e3c3-40fd-8000-fb6f-7f0000014e7a Processing reference: ActivityClassParameter[name=inMap,it=111,v={}]
2020-01-16 18:08:33.641 DEBUG processModel 409 0002e3c3-40fd-8000-fb6f-7f0000014e7a Processing reference: ActivityClassParameter[name=procInheritsPriority,it=1,v=1]
2020-01-16 18:08:33.641 DEBUG processModel 409 0002e3c3-40fd-8000-fb6f-7f0000014e7a Processing reference: ActivityClassParameter[name=pmUUID,it=3,v=]
2020-01-16 18:08:33.641 DEBUG processModel 409 0002e3c3-40fd-8000-fb6f-7f0000014e7a Processing reference: ActivityClassParameter[name=isAsynchronous,it=26,v=1]
2020-01-16 18:08:33.641 DEBUG processModel 409 0002e3c3-40fd-8000-fb6f-7f0000014e7a Processing reference: ActivityClassParameter[name=isTransparent,it=26,v=1]
2020-01-16 18:08:33.642 DEBUG processModel 409 0002e3c3-40fd-8000-fb6f-7f0000014e7a Processing reference: ActivityClassParameter[name=inheritSecurity,it=26,v=0]
2020-01-16 18:08:33.642 DEBUG processModel 409 0002e3c3-40fd-8000-fb6f-7f0000014e7a Processing reference: InternalForm.docId
2020-01-16 18:08:33.642 DEBUG processModel 409 0002e3c3-40fd-8000-fb6f-7f0000014e7a Processing reference: ActivityClassParameter[name=Group,it=5,v=<null>]
2020-01-16 18:08:33.642 DEBUG processModel 409 0002e3c3-40fd-8000-fb6f-7f0000014e7a Processing reference: ActivityClassParameter[name=Name,it=3,v=]
2020-01-16 18:08:33.642 DEBUG processModel 409 0002e3c3-40fd-8000-fb6f-7f0000014e7a Processing reference: ActivityClassParameter[name=Description,it=3,v=]
2020-01-16 18:08:33.643 DEBUG processModel 409 0002e3c3-40fd-8000-fb6f-7f0000014e7a Processing reference: ActivityClassParameter[name=Delegated_Creation,it=26,v=0]
2020-01-16 18:08:33.643 DEBUG processModel 409 0002e3c3-40fd-8000-fb6f-7f0000014e7a Processing reference: ActivityClassParameter[name=Parent_Group,it=5,v=<null>]
2020-01-16 18:08:33.643 DEBUG processModel 409 0002e3c3-40fd-8000-fb6f-7f0000014e7a Processing reference: ActivityClassParameter[name=Membership_Policy,it=1,v=2]
2020-01-16 18:08:33.643 DEBUG processModel 409 0002e3c3-40fd-8000-fb6f-7f0000014e7a Processing reference: ActivityClassParameter[name=Security_Map,it=1,v=2]
2020-01-16 18:08:33.643 DEBUG processModel 409 0002e3c3-40fd-8000-fb6f-7f0000014e7a Processing reference: ActivityClassParameter[name=Viewing_Policy,it=1,v=0]
2020-01-16 18:08:33.643 DEBUG processModel 409 0002e3c3-40fd-8000-fb6f-7f0000014e7a Processing reference: com.appiancorp.suiteapi.process.ProcessRoleMap@55b2d355[
  Role[name=ADMIN_OWNER]
  Role[name=EDITOR]
  Role[name=EXPLICIT_NONMEMBER]
  Role[name=VIEWER]
  Role[name=MANAGER]
  Role[name=INITIATOR]
]
2020-01-16 18:08:33.643 DEBUG processModel 409 0002e3c3-40fd-8000-fb6f-7f0000014e7a Processing reference: Role[name=ADMIN_OWNER]
2020-01-16 18:08:33.643 DEBUG processModel 409 0002e3c3-40fd-8000-fb6f-7f0000014e7a Processing reference: Role[name=EDITOR]
2020-01-16 18:08:33.644 DEBUG processModel 409 0002e3c3-40fd-8000-fb6f-7f0000014e7a Processing reference: Role[name=EXPLICIT_NONMEMBER]
2020-01-16 18:08:33.644 DEBUG processModel 409 0002e3c3-40fd-8000-fb6f-7f0000014e7a Processing reference: Role[name=VIEWER]
2020-01-16 18:08:33.644 DEBUG processModel 409 0002e3c3-40fd-8000-fb6f-7f0000014e7a Processing reference: Role[name=MANAGER]
2020-01-16 18:08:33.644 DEBUG processModel 409 0002e3c3-40fd-8000-fb6f-7f0000014e7a Processing reference: Role[name=INITIATOR]
2020-01-16 18:08:33.644 DEBUG processModel 409 0002e3c3-40fd-8000-fb6f-7f0000014e7a Completing produce.
2020-01-16 18:08:33.644 DEBUG processModel 409 0002e3c3-40fd-8000-fb6f-7f0000014e7a Exporting binary resources.
2020-01-16 18:08:33.644 DEBUG processModel 409 0002e3c3-40fd-8000-fb6f-7f0000014e7a Serializing object to XML.
2020-01-16 18:08:33.667 DEBUG processModel 409 0002e3c3-40fd-8000-fb6f-7f0000014e7a Object transported.
2020-01-16 18:08:33.667 DEBUG content 7874 _a-0000e3cc-3c56-8000-9bd4-011c48011c48_48300 Processing reference: Constant.forum
2020-01-16 18:08:33.668 DEBUG content 7874 _a-0000e3cc-3c56-8000-9bd4-011c48011c48_48300 Processing reference: Constant.parent
2020-01-16 18:08:33.673 DEBUG content 7874 _a-0000e3cc-3c56-8000-9bd4-011c48011c48_48300 Processing reference: com.appiancorp.suiteapi.content.ContentRoleMap@11ad286c[
  ContentRole[name=readers,inherit=true,allowForAll=false]
  ContentRole[name=authors,inherit=true,allowForAll=false]
  ContentRole[name=administrators,inherit=true,allowForAll=false]
  ContentRole[name=denyReaders,inherit=false,allowForAll=false]
  ContentRole[name=denyAuthors,inherit=false,allowForAll=false]
  ContentRole[name=denyAdministrators,inherit=false,allowForAll=false]
  securityVector=15:SEC_PUBLIC=true,SEC_CREATOR_ADMIN=false,SEC_INH_ADMIN=true,SEC_INH_EDITOR=true,SEC_INH_VIEWER=true,SEC_ALL_ADMIN=false,SEC_ALL_EDITOR=false,SEC_ALL_VIEWER=false
]
2020-01-16 18:08:33.673 DEBUG content 7874 _a-0000e3cc-3c56-8000-9bd4-011c48011c48_48300 Processing reference: ContentRole[name=readers,inherit=true,allowForAll=false]
2020-01-16 18:08:33.673 DEBUG content 7874 _a-0000e3cc-3c56-8000-9bd4-011c48011c48_48300 Processing reference: ContentRole[name=authors,inherit=true,allowForAll=false]
2020-01-16 18:08:33.674 DEBUG content 7874 _a-0000e3cc-3c56-8000-9bd4-011c48011c48_48300 Processing reference: ContentRole[name=administrators,inherit=true,allowForAll=false]
2020-01-16 18:08:33.674 DEBUG content 7874 _a-0000e3cc-3c56-8000-9bd4-011c48011c48_48300 Processing reference: ContentRole[name=denyReaders,inherit=false,allowForAll=false]
2020-01-16 18:08:33.674 DEBUG content 7874 _a-0000e3cc-3c56-8000-9bd4-011c48011c48_48300 Processing reference: ContentRole[name=denyAuthors,inherit=false,allowForAll=false]
2020-01-16 18:08:33.674 DEBUG content 7874 _a-0000e3cc-3c56-8000-9bd4-011c48011c48_48300 Processing reference: ContentRole[name=denyAdministrators,inherit=false,allowForAll=false]
2020-01-16 18:08:33.674 DEBUG content 7874 _a-0000e3cc-3c56-8000-9bd4-011c48011c48_48300 Completing produce.
2020-01-16 18:08:33.674 DEBUG content 7874 _a-0000e3cc-3c56-8000-9bd4-011c48011c48_48300 Exporting binary resources.
2020-01-16 18:08:33.674 DEBUG content 7874 _a-0000e3cc-3c56-8000-9bd4-011c48011c48_48300 Serializing object to XML.
2020-01-16 18:08:33.686 DEBUG content 7874 _a-0000e3cc-3c56-8000-9bd4-011c48011c48_48300 Object transported.
2020-01-16 18:08:33.686 DEBUG content 7882 _a-0000e3cc-3c56-8000-9bd4-011c48011c48_48331 Begin transport.
2020-01-16 18:08:33.686 DEBUG content 7882 _a-0000e3cc-3c56-8000-9bd4-011c48011c48_48331 Retrieving object data.
2020-01-16 18:08:33.705 DEBUG content 7882 _a-0000e3cc-3c56-8000-9bd4-011c48011c48_48331 Setting uuids of object references.
2020-01-16 18:08:33.705 DEBUG content 7882 _a-0000e3cc-3c56-8000-9bd4-011c48011c48_48331 Processing reference: [Content:id=7878,versionId=-1,name=ZP_TestBasicRule,type=32,subtype=1,uuid=_a-0000e3cc-3c56-8000-9bd4-011c48011c48_48331,parent=7267]
2020-01-16 18:08:33.706 DEBUG content 7882 _a-0000e3cc-3c56-8000-9bd4-011c48011c48_48331 Processing reference: FreeformRule.forum
2020-01-16 18:08:33.706 DEBUG content 7882 _a-0000e3cc-3c56-8000-9bd4-011c48011c48_48331 Processing reference: FreeformRule.parent
2020-01-16 18:08:33.711 DEBUG content 7882 _a-0000e3cc-3c56-8000-9bd4-011c48011c48_48331 Processing reference: com.appiancorp.suiteapi.content.ContentRoleMap@1538f290[
  ContentRole[name=readers,inherit=true,allowForAll=false]
  ContentRole[name=authors,inherit=true,allowForAll=false]
  ContentRole[name=administrators,inherit=true,allowForAll=false]
  ContentRole[name=denyReaders,inherit=false,allowForAll=false]
  ContentRole[name=denyAuthors,inherit=false,allowForAll=false]
  ContentRole[name=denyAdministrators,inherit=false,allowForAll=false]
  securityVector=15:SEC_PUBLIC=true,SEC_CREATOR_ADMIN=false,SEC_INH_ADMIN=true,SEC_INH_EDITOR=true,SEC_INH_VIEWER=true,SEC_ALL_ADMIN=false,SEC_ALL_EDITOR=false,SEC_ALL_VIEWER=false
]
2020-01-16 18:08:33.711 DEBUG content 7882 _a-0000e3cc-3c56-8000-9bd4-011c48011c48_48331 Processing reference: ContentRole[name=readers,inherit=true,allowForAll=false]
2020-01-16 18:08:33.711 DEBUG content 7882 _a-0000e3cc-3c56-8000-9bd4-011c48011c48_48331 Processing reference: ContentRole[name=authors,inherit=true,allowForAll=false]
2020-01-16 18:08:33.711 DEBUG content 7882 _a-0000e3cc-3c56-8000-9bd4-011c48011c48_48331 Processing reference: ContentRole[name=administrators,inherit=true,allowForAll=false]
2020-01-16 18:08:33.711 DEBUG content 7882 _a-0000e3cc-3c56-8000-9bd4-011c48011c48_48331 Processing reference: ContentRole[name=denyReaders,inherit=false,allowForAll=false]
2020-01-16 18:08:33.711 DEBUG content 7882 _a-0000e3cc-3c56-8000-9bd4-011c48011c48_48331 Processing reference: ContentRole[name=denyAuthors,inherit=false,allowForAll=false]
2020-01-16 18:08:33.711 DEBUG content 7882 _a-0000e3cc-3c56-8000-9bd4-011c48011c48_48331 Processing reference: ContentRole[name=denyAdministrators,inherit=false,allowForAll=false]
2020-01-16 18:08:33.712 DEBUG content 7882 _a-0000e3cc-3c56-8000-9bd4-011c48011c48_48331 Completing produce.
2020-01-16 18:08:33.712 DEBUG content 7882 _a-0000e3cc-3c56-8000-9bd4-011c48011c48_48331 Exporting binary resources.
2020-01-16 18:08:33.712 DEBUG content 7882 _a-0000e3cc-3c56-8000-9bd4-011c48011c48_48331 Serializing object to XML.
2020-01-16 18:08:33.722 DEBUG content 7882 _a-0000e3cc-3c56-8000-9bd4-011c48011c48_48331 Object transported.
2020-01-16 18:08:33.722 DEBUG content 7885 _a-0000e3cc-3c56-8000-9bd4-011c48011c48_48382 Begin transport.
2020-01-16 18:08:33.722 DEBUG content 7885 _a-0000e3cc-3c56-8000-9bd4-011c48011c48_48382 Retrieving object data.
2020-01-16 18:08:33.734 DEBUG content 7885 _a-0000e3cc-3c56-8000-9bd4-011c48011c48_48382 Setting uuids of object references.
2020-01-16 18:08:33.734 DEBUG content 7885 _a-0000e3cc-3c56-8000-9bd4-011c48011c48_48382 Processing reference: [Content:id=7885,versionId=-1,name=ZP_TESTINGCONS,type=32,subtype=0,uuid=_a-0000e3cc-3c56-8000-9bd4-011c48011c48_48382,parent=7267]
2020-01-16 18:08:33.737 DEBUG application 7272 _a-0000e385-b1d3-8000-9bb6-011c48011c48_31699 Begin transport.
2020-01-16 18:08:33.737 DEBUG application 7272 _a-0000e385-b1d3-8000-9bb6-011c48011c48_31699 Loop detected: [application:7272, content:7885]
2020-01-16 18:08:33.737 DEBUG application 7272 Breaking loop [application:7272, content:7885]. content:7885 will be transported with its reference to 7272 nulled out and will require a second pass.
2020-01-16 18:08:33.738 DEBUG content 7885 _a-0000e3cc-3c56-8000-9bd4-011c48011c48_48382 Processing reference: Constant.forum
2020-01-16 18:08:33.738 DEBUG content 7885 _a-0000e3cc-3c56-8000-9bd4-011c48011c48_48382 Processing reference: Constant.parent
2020-01-16 18:08:33.742 DEBUG content 7885 _a-0000e3cc-3c56-8000-9bd4-011c48011c48_48382 Processing reference: com.appiancorp.suiteapi.content.ContentRoleMap@38028b66[
  ContentRole[name=readers,inherit=true,allowForAll=false]
  ContentRole[name=authors,inherit=true,allowForAll=false]
  ContentRole[name=administrators,inherit=true,allowForAll=false]
  ContentRole[name=denyReaders,inherit=false,allowForAll=false]
  ContentRole[name=denyAuthors,inherit=false,allowForAll=false]
  ContentRole[name=denyAdministrators,inherit=false,allowForAll=false]
  securityVector=15:SEC_PUBLIC=true,SEC_CREATOR_ADMIN=false,SEC_INH_ADMIN=true,SEC_INH_EDITOR=true,SEC_INH_VIEWER=true,SEC_ALL_ADMIN=false,SEC_ALL_EDITOR=false,SEC_ALL_VIEWER=false
]
2020-01-16 18:08:33.742 DEBUG content 7885 _a-0000e3cc-3c56-8000-9bd4-011c48011c48_48382 Processing reference: ContentRole[name=readers,inherit=true,allowForAll=false]
2020-01-16 18:08:33.742 DEBUG content 7885 _a-0000e3cc-3c56-8000-9bd4-011c48011c48_48382 Processing reference: ContentRole[name=authors,inherit=true,allowForAll=false]
2020-01-16 18:08:33.742 DEBUG content 7885 _a-0000e3cc-3c56-8000-9bd4-011c48011c48_48382 Processing reference: ContentRole[name=administrators,inherit=true,allowForAll=false]
2020-01-16 18:08:33.742 DEBUG content 7885 _a-0000e3cc-3c56-8000-9bd4-011c48011c48_48382 Processing reference: ContentRole[name=denyReaders,inherit=false,allowForAll=false]
2020-01-16 18:08:33.742 DEBUG content 7885 _a-0000e3cc-3c56-8000-9bd4-011c48011c48_48382 Processing reference: ContentRole[name=denyAuthors,inherit=false,allowForAll=false]
2020-01-16 18:08:33.742 DEBUG content 7885 _a-0000e3cc-3c56-8000-9bd4-011c48011c48_48382 Processing reference: ContentRole[name=denyAdministrators,inherit=false,allowForAll=false]
2020-01-16 18:08:33.742 DEBUG content 7885 _a-0000e3cc-3c56-8000-9bd4-011c48011c48_48382 Completing produce.
2020-01-16 18:08:33.742 DEBUG content 7885 _a-0000e3cc-3c56-8000-9bd4-011c48011c48_48382 Object transported with these references nulled out: [application:7272]
2020-01-16 18:08:33.742 DEBUG content 8027 _a-0000e3cc-3c56-8000-9bd4-011c48011c48_49754 Begin transport.
2020-01-16 18:08:33.742 DEBUG content 8027 _a-0000e3cc-3c56-8000-9bd4-011c48011c48_49754 Retrieving object data.
2020-01-16 18:08:33.757 DEBUG content 8027 _a-0000e3cc-3c56-8000-9bd4-011c48011c48_49754 Setting uuids of object references.
2020-01-16 18:08:33.757 DEBUG content 8027 _a-0000e3cc-3c56-8000-9bd4-011c48011c48_49754 Processing reference: [Content:id=8026,versionId=-1,name=ZP_GiveLastName,type=32,subtype=6,uuid=_a-0000e3cc-3c56-8000-9bd4-011c48011c48_49754,parent=7267]
2020-01-16 18:08:33.758 DEBUG content 8027 _a-0000e3cc-3c56-8000-9bd4-011c48011c48_49754 Processing reference: Interface.forum
2020-01-16 18:08:33.759 DEBUG content 8027 _a-0000e3cc-3c56-8000-9bd4-011c48011c48_49754 Processing reference: TypedVariable[name=lastName,it=3,v=]
2020-01-16 18:08:33.76 DEBUG content 8027 _a-0000e3cc-3c56-8000-9bd4-011c48011c48_49754 Processing reference: Interface.parent
2020-01-16 18:08:33.766 DEBUG content 8027 _a-0000e3cc-3c56-8000-9bd4-011c48011c48_49754 Processing reference: com.appiancorp.suiteapi.content.ContentRoleMap@67f6cd9b[
  ContentRole[name=readers,inherit=true,allowForAll=false]
  ContentRole[name=authors,inherit=true,allowForAll=false]
  ContentRole[name=administrators,inherit=true,allowForAll=false]
  ContentRole[name=denyReaders,inherit=false,allowForAll=false]
  ContentRole[name=denyAuthors,inherit=false,allowForAll=false]
  ContentRole[name=denyAdministrators,inherit=false,allowForAll=false]
  securityVector=15:SEC_PUBLIC=true,SEC_CREATOR_ADMIN=false,SEC_INH_ADMIN=true,SEC_INH_EDITOR=true,SEC_INH_VIEWER=true,SEC_ALL_ADMIN=false,SEC_ALL_EDITOR=false,SEC_ALL_VIEWER=false
]
2020-01-16 18:08:33.766 DEBUG content 8027 _a-0000e3cc-3c56-8000-9bd4-011c48011c48_49754 Processing reference: ContentRole[name=readers,inherit=true,allowForAll=false]
2020-01-16 18:08:33.766 DEBUG content 8027 _a-0000e3cc-3c56-8000-9bd4-011c48011c48_49754 Processing reference: ContentRole[name=authors,inherit=true,allowForAll=false]
2020-01-16 18:08:33.766 DEBUG content 8027 _a-0000e3cc-3c56-8000-9bd4-011c48011c48_49754 Processing reference: ContentRole[name=administrators,inherit=true,allowForAll=false]
2020-01-16 18:08:33.767 DEBUG content 8027 _a-0000e3cc-3c56-8000-9bd4-011c48011c48_49754 Processing reference: ContentRole[name=denyReaders,inherit=false,allowForAll=false]
2020-01-16 18:08:33.767 DEBUG content 8027 _a-0000e3cc-3c56-8000-9bd4-011c48011c48_49754 Processing reference: ContentRole[name=denyAuthors,inherit=false,allowForAll=false]
2020-01-16 18:08:33.767 DEBUG content 8027 _a-0000e3cc-3c56-8000-9bd4-011c48011c48_49754 Processing reference: ContentRole[name=denyAdministrators,inherit=false,allowForAll=false]
2020-01-16 18:08:33.767 DEBUG content 8027 _a-0000e3cc-3c56-8000-9bd4-011c48011c48_49754 Completing produce.
2020-01-16 18:08:33.767 DEBUG content 8027 _a-0000e3cc-3c56-8000-9bd4-011c48011c48_49754 Exporting binary resources.
2020-01-16 18:08:33.767 DEBUG content 8027 _a-0000e3cc-3c56-8000-9bd4-011c48011c48_49754 Serializing object to XML.
2020-01-16 18:08:33.776 DEBUG content 8027 _a-0000e3cc-3c56-8000-9bd4-011c48011c48_49754 Object transported.
2020-01-16 18:08:33.78 DEBUG processModel 407 0002e3af-7fcf-8000-fa74-7f0000014e7a Begin transport.
2020-01-16 18:08:33.78 DEBUG processModel 407 0002e3af-7fcf-8000-fa74-7f0000014e7a Retrieving object data.
2020-01-16 18:08:33.804 DEBUG processModel 407 0002e3af-7fcf-8000-fa74-7f0000014e7a Setting uuids of object references.
2020-01-16 18:08:33.804 DEBUG processModel 407 0002e3af-7fcf-8000-fa74-7f0000014e7a Processing reference: ProcessModelHaul.folderId
2020-01-16 18:08:33.805 DEBUG processModel 407 0002e3af-7fcf-8000-fa74-7f0000014e7a Processing reference: ProcessModelHaul.modelDashboardPageId
2020-01-16 18:08:33.805 DEBUG processModel 407 0002e3af-7fcf-8000-fa74-7f0000014e7a Processing reference: ProcessModelHaul.processDashboardPageId
2020-01-16 18:08:33.805 DEBUG processModel 407 0002e3af-7fcf-8000-fa74-7f0000014e7a Processing reference: ProcessModel.emailAttachmentFolderId
2020-01-16 18:08:33.806 DEBUG processModel 407 0002e3af-7fcf-8000-fa74-7f0000014e7a Processing reference: ActivityClassParameter[name=pmID,it=23,v=<null>]
2020-01-16 18:08:33.806 DEBUG processModel 407 0002e3af-7fcf-8000-fa74-7f0000014e7a Processing reference: ActivityClassParameter[name=inMap,it=111,v={}]
2020-01-16 18:08:33.806 DEBUG processModel 407 0002e3af-7fcf-8000-fa74-7f0000014e7a Processing reference: ActivityClassParameter[name=procInheritsPriority,it=1,v=1]
2020-01-16 18:08:33.806 DEBUG processModel 407 0002e3af-7fcf-8000-fa74-7f0000014e7a Processing reference: ActivityClassParameter[name=pmUUID,it=3,v=]
2020-01-16 18:08:33.806 DEBUG processModel 407 0002e3af-7fcf-8000-fa74-7f0000014e7a Processing reference: ActivityClassParameter[name=isAsynchronous,it=26,v=1]
2020-01-16 18:08:33.807 DEBUG processModel 407 0002e3af-7fcf-8000-fa74-7f0000014e7a Processing reference: ActivityClassParameter[name=isTransparent,it=26,v=1]
2020-01-16 18:08:33.807 DEBUG processModel 407 0002e3af-7fcf-8000-fa74-7f0000014e7a Processing reference: ActivityClassParameter[name=inheritSecurity,it=26,v=0]
2020-01-16 18:08:33.807 DEBUG processModel 407 0002e3af-7fcf-8000-fa74-7f0000014e7a Processing reference: com.appiancorp.suiteapi.process.ProcessRoleMap@2f558442[
  Role[name=ADMIN_OWNER]
  Role[name=EDITOR]
  Role[name=EXPLICIT_NONMEMBER]
  Role[name=VIEWER]
  Role[name=MANAGER]
  Role[name=INITIATOR]
]
2020-01-16 18:08:33.807 DEBUG processModel 407 0002e3af-7fcf-8000-fa74-7f0000014e7a Processing reference: Role[name=ADMIN_OWNER]
2020-01-16 18:08:33.807 DEBUG processModel 407 0002e3af-7fcf-8000-fa74-7f0000014e7a Processing reference: Role[name=EDITOR]
2020-01-16 18:08:33.807 DEBUG processModel 407 0002e3af-7fcf-8000-fa74-7f0000014e7a Processing reference: Role[name=EXPLICIT_NONMEMBER]
2020-01-16 18:08:33.807 DEBUG processModel 407 0002e3af-7fcf-8000-fa74-7f0000014e7a Processing reference: Role[name=VIEWER]
2020-01-16 18:08:33.807 DEBUG processModel 407 0002e3af-7fcf-8000-fa74-7f0000014e7a Processing reference: Role[name=MANAGER]
2020-01-16 18:08:33.807 DEBUG processModel 407 0002e3af-7fcf-8000-fa74-7f0000014e7a Processing reference: Role[name=INITIATOR]
2020-01-16 18:08:33.807 DEBUG processModel 407 0002e3af-7fcf-8000-fa74-7f0000014e7a Completing produce.
2020-01-16 18:08:33.807 DEBUG processModel 407 0002e3af-7fcf-8000-fa74-7f0000014e7a Exporting binary resources.
2020-01-16 18:08:33.807 DEBUG processModel 407 0002e3af-7fcf-8000-fa74-7f0000014e7a Serializing object to XML.
2020-01-16 18:08:33.826 DEBUG processModel 407 0002e3af-7fcf-8000-fa74-7f0000014e7a Object transported.
2020-01-16 18:08:33.826 DEBUG processModel 508 0002e3cc-9ae7-8000-fbf9-7f0000014e7a Begin transport.
2020-01-16 18:08:33.826 DEBUG processModel 508 0002e3cc-9ae7-8000-fbf9-7f0000014e7a Retrieving object data.
2020-01-16 18:08:33.894 DEBUG processModel 508 0002e3cc-9ae7-8000-fbf9-7f0000014e7a Setting uuids of object references.
2020-01-16 18:08:33.894 DEBUG processModel 508 0002e3cc-9ae7-8000-fbf9-7f0000014e7a Processing reference: ProcessModelHaul.folderId
2020-01-16 18:08:33.896 DEBUG processModel 508 0002e3cc-9ae7-8000-fbf9-7f0000014e7a Processing reference: ProcessModelHaul.modelDashboardPageId
2020-01-16 18:08:33.896 DEBUG processModel 508 0002e3cc-9ae7-8000-fbf9-7f0000014e7a Processing reference: ProcessModelHaul.processDashboardPageId
2020-01-16 18:08:33.896 DEBUG processModel 508 0002e3cc-9ae7-8000-fbf9-7f0000014e7a Processing reference: ProcessModel.emailAttachmentFolderId
2020-01-16 18:08:33.896 DEBUG processModel 508 0002e3cc-9ae7-8000-fbf9-7f0000014e7a Processing reference: InternalForm.docId
2020-01-16 18:08:33.896 DEBUG processModel 508 0002e3cc-9ae7-8000-fbf9-7f0000014e7a Processing reference: ActivityClassParameter[name=pmID,it=23,v=<null>]
2020-01-16 18:08:33.896 DEBUG processModel 508 0002e3cc-9ae7-8000-fbf9-7f0000014e7a Processing reference: ActivityClassParameter[name=inMap,it=111,v={}]
2020-01-16 18:08:33.896 DEBUG processModel 508 0002e3cc-9ae7-8000-fbf9-7f0000014e7a Processing reference: ActivityClassParameter[name=procInheritsPriority,it=1,v=1]
2020-01-16 18:08:33.897 DEBUG processModel 508 0002e3cc-9ae7-8000-fbf9-7f0000014e7a Processing reference: ActivityClassParameter[name=pmUUID,it=3,v=]
2020-01-16 18:08:33.897 DEBUG processModel 508 0002e3cc-9ae7-8000-fbf9-7f0000014e7a Processing reference: ActivityClassParameter[name=isAsynchronous,it=26,v=1]
2020-01-16 18:08:33.897 DEBUG processModel 508 0002e3cc-9ae7-8000-fbf9-7f0000014e7a Processing reference: ActivityClassParameter[name=isTransparent,it=26,v=1]
2020-01-16 18:08:33.897 DEBUG processModel 508 0002e3cc-9ae7-8000-fbf9-7f0000014e7a Processing reference: ActivityClassParameter[name=inheritSecurity,it=26,v=0]
2020-01-16 18:08:33.897 DEBUG processModel 508 0002e3cc-9ae7-8000-fbf9-7f0000014e7a Processing reference: InternalForm.docId
2020-01-16 18:08:33.897 DEBUG processModel 508 0002e3cc-9ae7-8000-fbf9-7f0000014e7a Processing reference: ActivityClassParameter[name=UserName,it=4,v=zach.designer]
2020-01-16 18:08:33.899 DEBUG processModel 508 0002e3cc-9ae7-8000-fbf9-7f0000014e7a Processing reference: ActivityClassParameter[name=OverwriteFields,it=26,v=0]
2020-01-16 18:08:33.899 DEBUG processModel 508 0002e3cc-9ae7-8000-fbf9-7f0000014e7a Processing reference: ActivityClassParameter[name=SocialSecurityNumber,it=3,v=]
2020-01-16 18:08:33.899 DEBUG processModel 508 0002e3cc-9ae7-8000-fbf9-7f0000014e7a Processing reference: ActivityClassParameter[name=FirstName,it=3,v=]
2020-01-16 18:08:33.899 DEBUG processModel 508 0002e3cc-9ae7-8000-fbf9-7f0000014e7a Processing reference: ActivityClassParameter[name=MiddleName,it=3,v=]
2020-01-16 18:08:33.899 DEBUG processModel 508 0002e3cc-9ae7-8000-fbf9-7f0000014e7a Processing reference: ActivityClassParameter[name=LastName,it=3,v=]
2020-01-16 18:08:33.899 DEBUG processModel 508 0002e3cc-9ae7-8000-fbf9-7f0000014e7a Processing reference: ActivityClassParameter[name=Email,it=3,v=]
2020-01-16 18:08:33.899 DEBUG processModel 508 0002e3cc-9ae7-8000-fbf9-7f0000014e7a Processing reference: ActivityClassParameter[name=OfficePhone,it=3,v=]
2020-01-16 18:08:33.899 DEBUG processModel 508 0002e3cc-9ae7-8000-fbf9-7f0000014e7a Processing reference: ActivityClassParameter[name=MobilePhone,it=3,v=]
2020-01-16 18:08:33.899 DEBUG processModel 508 0002e3cc-9ae7-8000-fbf9-7f0000014e7a Processing reference: ActivityClassParameter[name=HomePhone,it=3,v=]
2020-01-16 18:08:33.899 DEBUG processModel 508 0002e3cc-9ae7-8000-fbf9-7f0000014e7a Processing reference: ActivityClassParameter[name=Address1,it=3,v=]
2020-01-16 18:08:33.899 DEBUG processModel 508 0002e3cc-9ae7-8000-fbf9-7f0000014e7a Processing reference: ActivityClassParameter[name=Address2,it=3,v=]
2020-01-16 18:08:33.899 DEBUG processModel 508 0002e3cc-9ae7-8000-fbf9-7f0000014e7a Processing reference: ActivityClassParameter[name=Address3,it=3,v=]
2020-01-16 18:08:33.899 DEBUG processModel 508 0002e3cc-9ae7-8000-fbf9-7f0000014e7a Processing reference: ActivityClassParameter[name=City,it=3,v=]
2020-01-16 18:08:33.899 DEBUG processModel 508 0002e3cc-9ae7-8000-fbf9-7f0000014e7a Processing reference: ActivityClassParameter[name=State,it=3,v=]
2020-01-16 18:08:33.899 DEBUG processModel 508 0002e3cc-9ae7-8000-fbf9-7f0000014e7a Processing reference: ActivityClassParameter[name=ZipCode,it=3,v=]
2020-01-16 18:08:33.9 DEBUG processModel 508 0002e3cc-9ae7-8000-fbf9-7f0000014e7a Processing reference: ActivityClassParameter[name=Country,it=3,v=]
2020-01-16 18:08:33.9 DEBUG processModel 508 0002e3cc-9ae7-8000-fbf9-7f0000014e7a Processing reference: ActivityClassParameter[name=Supervisor,it=4,v=]
2020-01-16 18:08:33.9 DEBUG processModel 508 0002e3cc-9ae7-8000-fbf9-7f0000014e7a Processing reference: ActivityClassParameter[name=Title,it=3,v=]
2020-01-16 18:08:33.9 DEBUG processModel 508 0002e3cc-9ae7-8000-fbf9-7f0000014e7a Processing reference: ProcessVariable[name=lastName,it=3,v=]
2020-01-16 18:08:33.9 DEBUG processModel 508 0002e3cc-9ae7-8000-fbf9-7f0000014e7a Processing reference: com.appiancorp.suiteapi.process.ProcessRoleMap@230d9d52[
  Role[name=ADMIN_OWNER]
  Role[name=EDITOR]
  Role[name=EXPLICIT_NONMEMBER]
  Role[name=VIEWER]
  Role[name=MANAGER]
  Role[name=INITIATOR]
]
2020-01-16 18:08:33.9 DEBUG processModel 508 0002e3cc-9ae7-8000-fbf9-7f0000014e7a Processing reference: Role[name=ADMIN_OWNER]
2020-01-16 18:08:33.9 DEBUG processModel 508 0002e3cc-9ae7-8000-fbf9-7f0000014e7a Processing reference: Role[name=EDITOR]
2020-01-16 18:08:33.9 DEBUG processModel 508 0002e3cc-9ae7-8000-fbf9-7f0000014e7a Processing reference: Role[name=EXPLICIT_NONMEMBER]
2020-01-16 18:08:33.9 DEBUG processModel 508 0002e3cc-9ae7-8000-fbf9-7f0000014e7a Processing reference: Role[name=VIEWER]
2020-01-16 18:08:33.9 DEBUG processModel 508 0002e3cc-9ae7-8000-fbf9-7f0000014e7a Processing reference: Role[name=MANAGER]
2020-01-16 18:08:33.9 DEBUG processModel 508 0002e3cc-9ae7-8000-fbf9-7f0000014e7a Processing reference: Role[name=INITIATOR]
2020-01-16 18:08:33.903 DEBUG processModel 508 0002e3cc-9ae7-8000-fbf9-7f0000014e7a Completing produce.
2020-01-16 18:08:33.903 DEBUG processModel 508 0002e3cc-9ae7-8000-fbf9-7f0000014e7a Exporting binary resources.
2020-01-16 18:08:33.903 DEBUG processModel 508 0002e3cc-9ae7-8000-fbf9-7f0000014e7a Serializing object to XML.
2020-01-16 18:08:33.917 DEBUG processModel 508 0002e3cc-9ae7-8000-fbf9-7f0000014e7a Object transported.
2020-01-16 18:08:33.917 DEBUG processModel 579 0002e3d9-a4ba-8000-fc6c-7f0000014e7a Begin transport.
2020-01-16 18:08:33.917 DEBUG processModel 579 0002e3d9-a4ba-8000-fc6c-7f0000014e7a Retrieving object data.
2020-01-16 18:08:33.961 DEBUG processModel 579 0002e3d9-a4ba-8000-fc6c-7f0000014e7a Setting uuids of object references.
2020-01-16 18:08:33.961 DEBUG processModel 579 0002e3d9-a4ba-8000-fc6c-7f0000014e7a Processing reference: ProcessModelHaul.folderId
2020-01-16 18:08:33.962 DEBUG processModel 579 0002e3d9-a4ba-8000-fc6c-7f0000014e7a Processing reference: ProcessModelHaul.modelDashboardPageId
2020-01-16 18:08:33.962 DEBUG processModel 579 0002e3d9-a4ba-8000-fc6c-7f0000014e7a Processing reference: ProcessModelHaul.processDashboardPageId
2020-01-16 18:08:33.962 DEBUG processModel 579 0002e3d9-a4ba-8000-fc6c-7f0000014e7a Processing reference: ProcessModel.emailAttachmentFolderId
2020-01-16 18:08:33.963 DEBUG processModel 579 0002e3d9-a4ba-8000-fc6c-7f0000014e7a Processing reference: InternalForm.docId
2020-01-16 18:08:33.963 DEBUG processModel 579 0002e3d9-a4ba-8000-fc6c-7f0000014e7a Processing reference: ActivityClassParameter[name=pmID,it=23,v=<null>]
2020-01-16 18:08:33.963 DEBUG processModel 579 0002e3d9-a4ba-8000-fc6c-7f0000014e7a Processing reference: ActivityClassParameter[name=inMap,it=111,v={}]
2020-01-16 18:08:33.963 DEBUG processModel 579 0002e3d9-a4ba-8000-fc6c-7f0000014e7a Processing reference: ActivityClassParameter[name=procInheritsPriority,it=1,v=1]
2020-01-16 18:08:33.963 DEBUG processModel 579 0002e3d9-a4ba-8000-fc6c-7f0000014e7a Processing reference: ActivityClassParameter[name=pmUUID,it=3,v=]
2020-01-16 18:08:33.963 DEBUG processModel 579 0002e3d9-a4ba-8000-fc6c-7f0000014e7a Processing reference: ActivityClassParameter[name=isAsynchronous,it=26,v=1]
2020-01-16 18:08:33.963 DEBUG processModel 579 0002e3d9-a4ba-8000-fc6c-7f0000014e7a Processing reference: ActivityClassParameter[name=isTransparent,it=26,v=1]
2020-01-16 18:08:33.963 DEBUG processModel 579 0002e3d9-a4ba-8000-fc6c-7f0000014e7a Processing reference: ActivityClassParameter[name=inheritSecurity,it=26,v=0]
2020-01-16 18:08:33.964 DEBUG processModel 579 0002e3d9-a4ba-8000-fc6c-7f0000014e7a Processing reference: ActivityClassParameter[name=lastName,it=3,v=]
2020-01-16 18:08:33.964 DEBUG processModel 579 0002e3d9-a4ba-8000-fc6c-7f0000014e7a Processing reference: InternalForm.docId
2020-01-16 18:08:33.964 DEBUG processModel 579 0002e3d9-a4ba-8000-fc6c-7f0000014e7a Processing reference: com.appiancorp.suiteapi.process.Assignment$Assignee@498094b6
2020-01-16 18:08:33.966 DEBUG processModel 579 0002e3d9-a4ba-8000-fc6c-7f0000014e7a Processing reference: ActivityClassParameter[name=Param1,it=3,v=]
2020-01-16 18:08:33.966 DEBUG processModel 579 0002e3d9-a4ba-8000-fc6c-7f0000014e7a Processing reference: ProcessVariable[name=basic,it=3768,v=<null>]
2020-01-16 18:08:33.966 DEBUG processModel 579 0002e3d9-a4ba-8000-fc6c-7f0000014e7a Processing reference: com.appiancorp.suiteapi.process.ProcessRoleMap@6eedf669[
  Role[name=ADMIN_OWNER]
  Role[name=EDITOR]
  Role[name=EXPLICIT_NONMEMBER]
  Role[name=VIEWER]
  Role[name=MANAGER]
  Role[name=INITIATOR]
]
2020-01-16 18:08:33.966 DEBUG processModel 579 0002e3d9-a4ba-8000-fc6c-7f0000014e7a Processing reference: Role[name=ADMIN_OWNER]
2020-01-16 18:08:33.966 DEBUG processModel 579 0002e3d9-a4ba-8000-fc6c-7f0000014e7a Processing reference: Role[name=EDITOR]
2020-01-16 18:08:33.966 DEBUG processModel 579 0002e3d9-a4ba-8000-fc6c-7f0000014e7a Processing reference: Role[name=EXPLICIT_NONMEMBER]
2020-01-16 18:08:33.966 DEBUG processModel 579 0002e3d9-a4ba-8000-fc6c-7f0000014e7a Processing reference: Role[name=VIEWER]
2020-01-16 18:08:33.966 DEBUG processModel 579 0002e3d9-a4ba-8000-fc6c-7f0000014e7a Processing reference: Role[name=MANAGER]
2020-01-16 18:08:33.966 DEBUG processModel 579 0002e3d9-a4ba-8000-fc6c-7f0000014e7a Processing reference: Role[name=INITIATOR]
2020-01-16 18:08:33.969 DEBUG processModel 579 0002e3d9-a4ba-8000-fc6c-7f0000014e7a Completing produce.
2020-01-16 18:08:33.969 DEBUG processModel 579 0002e3d9-a4ba-8000-fc6c-7f0000014e7a Exporting binary resources.
2020-01-16 18:08:33.969 DEBUG processModel 579 0002e3d9-a4ba-8000-fc6c-7f0000014e7a Serializing object to XML.
2020-01-16 18:08:33.98 DEBUG processModel 579 0002e3d9-a4ba-8000-fc6c-7f0000014e7a Object transported.
2020-01-16 18:08:33.982 DEBUG webApi 10 32630ded-6787-4825-8f1d-5f4ed489be15 Begin transport.
2020-01-16 18:08:33.982 DEBUG webApi 10 32630ded-6787-4825-8f1d-5f4ed489be15 Retrieving object data.
2020-01-16 18:08:34.002 DEBUG webApi 10 32630ded-6787-4825-8f1d-5f4ed489be15 Setting uuids of object references.
2020-01-16 18:08:34.004 DEBUG webApi 10 32630ded-6787-4825-8f1d-5f4ed489be15 Processing reference: WebApi.expression
2020-01-16 18:08:34.014 DEBUG webApi 10 32630ded-6787-4825-8f1d-5f4ed489be15 Processing reference: WebApi.receiveDocumentsFolder
2020-01-16 18:08:34.016 DEBUG webApi 10 32630ded-6787-4825-8f1d-5f4ed489be15 Completing produce.
2020-01-16 18:08:34.016 DEBUG webApi 10 32630ded-6787-4825-8f1d-5f4ed489be15 Exporting binary resources.
2020-01-16 18:08:34.016 DEBUG webApi 10 32630ded-6787-4825-8f1d-5f4ed489be15 Serializing object to XML.
2020-01-16 18:08:34.033 DEBUG webApi 10 32630ded-6787-4825-8f1d-5f4ed489be15 Object transported.
2020-01-16 18:08:34.033 DEBUG application 7272 _a-0000e385-b1d3-8000-9bb6-011c48011c48_31699 Completing produce.
2020-01-16 18:08:34.033 DEBUG application 7272 _a-0000e385-b1d3-8000-9bb6-011c48011c48_31699 Exporting binary resources.
2020-01-16 18:08:34.033 DEBUG application 7272 _a-0000e385-b1d3-8000-9bb6-011c48011c48_31699 Serializing object to XML.
2020-01-16 18:08:34.045 DEBUG application 7272 _a-0000e385-b1d3-8000-9bb6-011c48011c48_31699 Object transported.
2020-01-16 18:08:34.045 DEBUG application 7272 _a-0000e385-b1d3-8000-9bb6-011c48011c48_31699 Binding pending incomplete: content:7885
2020-01-16 18:08:34.051 DEBUG content 7885 _a-0000e3cc-3c56-8000-9bd4-011c48011c48_48382 Begin transport.
2020-01-16 18:08:34.051 DEBUG content 7885 _a-0000e3cc-3c56-8000-9bd4-011c48011c48_48382 Retrieving object data.
2020-01-16 18:08:34.064 DEBUG content 7885 _a-0000e3cc-3c56-8000-9bd4-011c48011c48_48382 Setting uuids of object references.
2020-01-16 18:08:34.064 DEBUG content 7885 _a-0000e3cc-3c56-8000-9bd4-011c48011c48_48382 Processing reference: [Content:id=7885,versionId=-1,name=ZP_TESTINGCONS,type=32,subtype=0,uuid=_a-0000e3cc-3c56-8000-9bd4-011c48011c48_48382,parent=7267]
2020-01-16 18:08:34.067 DEBUG content 7885 _a-0000e3cc-3c56-8000-9bd4-011c48011c48_48382 Processing reference: Constant.forum
2020-01-16 18:08:34.068 DEBUG content 7885 _a-0000e3cc-3c56-8000-9bd4-011c48011c48_48382 Processing reference: Constant.parent
2020-01-16 18:08:34.071 DEBUG content 7885 _a-0000e3cc-3c56-8000-9bd4-011c48011c48_48382 Processing reference: com.appiancorp.suiteapi.content.ContentRoleMap@778ccc5f[
  ContentRole[name=readers,inherit=true,allowForAll=false]
  ContentRole[name=authors,inherit=true,allowForAll=false]
  ContentRole[name=administrators,inherit=true,allowForAll=false]
  ContentRole[name=denyReaders,inherit=false,allowForAll=false]
  ContentRole[name=denyAuthors,inherit=false,allowForAll=false]
  ContentRole[name=denyAdministrators,inherit=false,allowForAll=false]
  securityVector=15:SEC_PUBLIC=true,SEC_CREATOR_ADMIN=false,SEC_INH_ADMIN=true,SEC_INH_EDITOR=true,SEC_INH_VIEWER=true,SEC_ALL_ADMIN=false,SEC_ALL_EDITOR=false,SEC_ALL_VIEWER=false
]
2020-01-16 18:08:34.071 DEBUG content 7885 _a-0000e3cc-3c56-8000-9bd4-011c48011c48_48382 Processing reference: ContentRole[name=readers,inherit=true,allowForAll=false]
2020-01-16 18:08:34.071 DEBUG content 7885 _a-0000e3cc-3c56-8000-9bd4-011c48011c48_48382 Processing reference: ContentRole[name=authors,inherit=true,allowForAll=false]
2020-01-16 18:08:34.071 DEBUG content 7885 _a-0000e3cc-3c56-8000-9bd4-011c48011c48_48382 Processing reference: ContentRole[name=administrators,inherit=true,allowForAll=false]
2020-01-16 18:08:34.071 DEBUG content 7885 _a-0000e3cc-3c56-8000-9bd4-011c48011c48_48382 Processing reference: ContentRole[name=denyReaders,inherit=false,allowForAll=false]
2020-01-16 18:08:34.071 DEBUG content 7885 _a-0000e3cc-3c56-8000-9bd4-011c48011c48_48382 Processing reference: ContentRole[name=denyAuthors,inherit=false,allowForAll=false]
2020-01-16 18:08:34.071 DEBUG content 7885 _a-0000e3cc-3c56-8000-9bd4-011c48011c48_48382 Processing reference: ContentRole[name=denyAdministrators,inherit=false,allowForAll=false]
2020-01-16 18:08:34.071 DEBUG content 7885 _a-0000e3cc-3c56-8000-9bd4-011c48011c48_48382 Completing produce.
2020-01-16 18:08:34.071 DEBUG content 7885 _a-0000e3cc-3c56-8000-9bd4-011c48011c48_48382 Exporting binary resources.
2020-01-16 18:08:34.071 DEBUG content 7885 _a-0000e3cc-3c56-8000-9bd4-011c48011c48_48382 Serializing object to XML.
2020-01-16 18:08:34.079 DEBUG content 7885 _a-0000e3cc-3c56-8000-9bd4-011c48011c48_48382 Removed object from incomplete list.
2020-01-16 18:08:34.079 DEBUG content 7885 _a-0000e3cc-3c56-8000-9bd4-011c48011c48_48382 Object transported.
